This file contains any messages produced by compilers while
running configure, to aid debugging if configure makes a mistake.

It was created by libgpg-error configure 1.17, which was
generated by GNU Autoconf 2.69.  Invocation command line was

  $ ./configure 

## --------- ##
## Platform. ##
## --------- ##

hostname = kali
uname -m = x86_64
uname -r = 3.14-kali1-amd64
uname -s = Linux
uname -v = #1 SMP Debian 3.14.5-1kali1 (2014-06-07)

/usr/bin/uname -p = unknown
/bin/uname -X     = unknown

/bin/arch              = unknown
/usr/bin/arch -k       = unknown
/usr/convex/getsysinfo = unknown
/usr/bin/hostinfo      = unknown
/bin/machine           = unknown
/usr/bin/oslevel       = unknown
/bin/universe          = unknown

PATH: /usr/local/bin
PATH: /usr/bin
PATH: /bin
PATH: /usr/local/games
PATH: /usr/games


## ----------- ##
## Core tests. ##
## ----------- ##

configure:2639: checking for a BSD-compatible install
configure:2707: result: /usr/bin/install -c
configure:2718: checking whether build environment is sane
configure:2768: result: yes
configure:2909: checking for a thread-safe mkdir -p
configure:2948: result: /bin/mkdir -p
configure:2961: checking for gawk
configure:2991: result: no
configure:2961: checking for mawk
configure:2977: found /usr/bin/mawk
configure:2988: result: mawk
configure:2999: checking whether make sets $(MAKE)
configure:3021: result: yes
configure:3102: checking whether to enable maintainer-specific portions of Makefiles
configure:3111: result: no
configure:3139: checking whether make supports nested variables
configure:3156: result: yes
configure:3174: checking build system type
configure:3188: result: x86_64-unknown-linux-gnu
configure:3208: checking host system type
configure:3221: result: x86_64-unknown-linux-gnu
configure:3245: autobuild project... libgpg-error
configure:3247: autobuild revision... 1.17
configure:3251: autobuild hostname... kali
configure:3260: autobuild timestamp... 20150208-165819
configure:3314: checking for gcc
configure:3330: found /usr/bin/gcc
configure:3341: result: gcc
configure:3570: checking for C compiler version
configure:3579: gcc --version >&5
gcc (Debian 4.7.2-5) 4.7.2
Copyright (C) 2012 Free Software Foundation, Inc.
This is free software; see the source for copying conditions.  There is NO
warranty; not even for MERCHANTABILITY or FITNESS FOR A PARTICULAR PURPOSE.

configure:3590: $? = 0
configure:3579: gcc -v >&5
Using built-in specs.
COLLECT_GCC=gcc
COLLECT_LTO_WRAPPER=/usr/lib/gcc/x86_64-linux-gnu/4.7/lto-wrapper
Target: x86_64-linux-gnu
Configured with: ../src/configure -v --with-pkgversion='Debian 4.7.2-5' --with-bugurl=file:///usr/share/doc/gcc-4.7/README.Bugs --enable-languages=c,c++,go,fortran,objc,obj-c++ --prefix=/usr --program-suffix=-4.7 --enable-shared --enable-linker-build-id --with-system-zlib --libexecdir=/usr/lib --without-included-gettext --enable-threads=posix --with-gxx-include-dir=/usr/include/c++/4.7 --libdir=/usr/lib --enable-nls --with-sysroot=/ --enable-clocale=gnu --enable-libstdcxx-debug --enable-libstdcxx-time=yes --enable-gnu-unique-object --enable-plugin --enable-objc-gc --with-arch-32=i586 --with-tune=generic --enable-checking=release --build=x86_64-linux-gnu --host=x86_64-linux-gnu --target=x86_64-linux-gnu
Thread model: posix
gcc version 4.7.2 (Debian 4.7.2-5) 
configure:3590: $? = 0
configure:3579: gcc -V >&5
gcc: error: unrecognized command line option '-V'
gcc: fatal error: no input files
compilation terminated.
configure:3590: $? = 4
configure:3579: gcc -qversion >&5
gcc: error: unrecognized command line option '-qversion'
gcc: fatal error: no input files
compilation terminated.
configure:3590: $? = 4
configure:3610: checking whether the C compiler works
configure:3632: gcc    conftest.c  >&5
configure:3636: $? = 0
configure:3684: result: yes
configure:3687: checking for C compiler default output file name
configure:3689: result: a.out
configure:3695: checking for suffix of executables
configure:3702: gcc -o conftest    conftest.c  >&5
configure:3706: $? = 0
configure:3728: result: 
configure:3750: checking whether we are cross compiling
configure:3758: gcc -o conftest    conftest.c  >&5
configure:3762: $? = 0
configure:3769: ./conftest
configure:3773: $? = 0
configure:3788: result: no
configure:3793: checking for suffix of object files
configure:3815: gcc -c   conftest.c >&5
configure:3819: $? = 0
configure:3840: result: o
configure:3844: checking whether we are using the GNU C compiler
configure:3863: gcc -c   conftest.c >&5
configure:3863: $? = 0
configure:3872: result: yes
configure:3881: checking whether gcc accepts -g
configure:3901: gcc -c -g  conftest.c >&5
configure:3901: $? = 0
configure:3942: result: yes
configure:3959: checking for gcc option to accept ISO C89
configure:4022: gcc  -c -g -O2  conftest.c >&5
configure:4022: $? = 0
configure:4035: result: none needed
configure:4066: checking for style of include used by make
configure:4094: result: GNU
configure:4120: checking dependency style of gcc
configure:4231: result: gcc3
configure:4247: checking whether gcc and cc understand -c and -o together
configure:4278: gcc -c conftest.c -o conftest2.o >&5
configure:4282: $? = 0
configure:4288: gcc -c conftest.c -o conftest2.o >&5
configure:4292: $? = 0
configure:4303: cc -c conftest.c >&5
configure:4307: $? = 0
configure:4315: cc -c conftest.c -o conftest2.o >&5
configure:4319: $? = 0
configure:4325: cc -c conftest.c -o conftest2.o >&5
configure:4329: $? = 0
configure:4347: result: yes
configure:4377: checking how to run the C preprocessor
configure:4408: gcc -E  conftest.c
configure:4408: $? = 0
configure:4422: gcc -E  conftest.c
conftest.c:11:28: fatal error: ac_nonexistent.h: No such file or directory
compilation terminated.
configure:4422: $? = 1
configure: failed program was:
| /* confdefs.h */
| #define PACKAGE_NAME "libgpg-error"
| #define PACKAGE_TARNAME "libgpg-error"
| #define PACKAGE_VERSION "1.17"
| #define PACKAGE_STRING "libgpg-error 1.17"
| #define PACKAGE_BUGREPORT "http://bugs.gnupg.org"
| #define PACKAGE_URL ""
| #define PACKAGE "libgpg-error"
| #define VERSION "1.17"
| /* end confdefs.h.  */
| #include <ac_nonexistent.h>
configure:4447: result: gcc -E
configure:4467: gcc -E  conftest.c
configure:4467: $? = 0
configure:4481: gcc -E  conftest.c
conftest.c:11:28: fatal error: ac_nonexistent.h: No such file or directory
compilation terminated.
configure:4481: $? = 1
configure: failed program was:
| /* confdefs.h */
| #define PACKAGE_NAME "libgpg-error"
| #define PACKAGE_TARNAME "libgpg-error"
| #define PACKAGE_VERSION "1.17"
| #define PACKAGE_STRING "libgpg-error 1.17"
| #define PACKAGE_BUGREPORT "http://bugs.gnupg.org"
| #define PACKAGE_URL ""
| #define PACKAGE "libgpg-error"
| #define VERSION "1.17"
| /* end confdefs.h.  */
| #include <ac_nonexistent.h>
configure:4513: checking for gawk
configure:4540: result: mawk
configure:4594: checking for ar
configure:4610: found /usr/bin/ar
configure:4621: result: ar
configure:4645: checking for grep that handles long lines and -e
configure:4703: result: /bin/grep
configure:4708: checking for egrep
configure:4770: result: /bin/grep -E
configure:4775: checking for ANSI C header files
configure:4795: gcc -c -g -O2  conftest.c >&5
configure:4795: $? = 0
configure:4868: gcc -o conftest -g -O2   conftest.c  >&5
configure:4868: $? = 0
configure:4868: ./conftest
configure:4868: $? = 0
configure:4879: result: yes
configure:4892: checking for sys/types.h
configure:4892: gcc -c -g -O2  conftest.c >&5
configure:4892: $? = 0
configure:4892: result: yes
configure:4892: checking for sys/stat.h
configure:4892: gcc -c -g -O2  conftest.c >&5
configure:4892: $? = 0
configure:4892: result: yes
configure:4892: checking for stdlib.h
configure:4892: gcc -c -g -O2  conftest.c >&5
configure:4892: $? = 0
configure:4892: result: yes
configure:4892: checking for string.h
configure:4892: gcc -c -g -O2  conftest.c >&5
configure:4892: $? = 0
configure:4892: result: yes
configure:4892: checking for memory.h
configure:4892: gcc -c -g -O2  conftest.c >&5
configure:4892: $? = 0
configure:4892: result: yes
configure:4892: checking for strings.h
configure:4892: gcc -c -g -O2  conftest.c >&5
configure:4892: $? = 0
configure:4892: result: yes
configure:4892: checking for inttypes.h
configure:4892: gcc -c -g -O2  conftest.c >&5
configure:4892: $? = 0
configure:4892: result: yes
configure:4892: checking for stdint.h
configure:4892: gcc -c -g -O2  conftest.c >&5
configure:4892: $? = 0
configure:4892: result: yes
configure:4892: checking for unistd.h
configure:4892: gcc -c -g -O2  conftest.c >&5
configure:4892: $? = 0
configure:4892: result: yes
configure:4905: checking minix/config.h usability
configure:4905: gcc -c -g -O2  conftest.c >&5
conftest.c:54:26: fatal error: minix/config.h: No such file or directory
compilation terminated.
configure:4905: $? = 1
configure: failed program was:
| /* confdefs.h */
| #define PACKAGE_NAME "libgpg-error"
| #define PACKAGE_TARNAME "libgpg-error"
| #define PACKAGE_VERSION "1.17"
| #define PACKAGE_STRING "libgpg-error 1.17"
| #define PACKAGE_BUGREPORT "http://bugs.gnupg.org"
| #define PACKAGE_URL ""
| #define PACKAGE "libgpg-error"
| #define VERSION "1.17"
| #define STDC_HEADERS 1
| #define HAVE_SYS_TYPES_H 1
| #define HAVE_SYS_STAT_H 1
| #define HAVE_STDLIB_H 1
| #define HAVE_STRING_H 1
| #define HAVE_MEMORY_H 1
| #define HAVE_STRINGS_H 1
| #define HAVE_INTTYPES_H 1
| #define HAVE_STDINT_H 1
| #define HAVE_UNISTD_H 1
| /* end confdefs.h.  */
| #include <stdio.h>
| #ifdef HAVE_SYS_TYPES_H
| # include <sys/types.h>
| #endif
| #ifdef HAVE_SYS_STAT_H
| # include <sys/stat.h>
| #endif
| #ifdef STDC_HEADERS
| # include <stdlib.h>
| # include <stddef.h>
| #else
| # ifdef HAVE_STDLIB_H
| #  include <stdlib.h>
| # endif
| #endif
| #ifdef HAVE_STRING_H
| # if !defined STDC_HEADERS && defined HAVE_MEMORY_H
| #  include <memory.h>
| # endif
| # include <string.h>
| #endif
| #ifdef HAVE_STRINGS_H
| # include <strings.h>
| #endif
| #ifdef HAVE_INTTYPES_H
| # include <inttypes.h>
| #endif
| #ifdef HAVE_STDINT_H
| # include <stdint.h>
| #endif
| #ifdef HAVE_UNISTD_H
| # include <unistd.h>
| #endif
| #include <minix/config.h>
configure:4905: result: no
configure:4905: checking minix/config.h presence
configure:4905: gcc -E  conftest.c
conftest.c:21:26: fatal error: minix/config.h: No such file or directory
compilation terminated.
configure:4905: $? = 1
configure: failed program was:
| /* confdefs.h */
| #define PACKAGE_NAME "libgpg-error"
| #define PACKAGE_TARNAME "libgpg-error"
| #define PACKAGE_VERSION "1.17"
| #define PACKAGE_STRING "libgpg-error 1.17"
| #define PACKAGE_BUGREPORT "http://bugs.gnupg.org"
| #define PACKAGE_URL ""
| #define PACKAGE "libgpg-error"
| #define VERSION "1.17"
| #define STDC_HEADERS 1
| #define HAVE_SYS_TYPES_H 1
| #define HAVE_SYS_STAT_H 1
| #define HAVE_STDLIB_H 1
| #define HAVE_STRING_H 1
| #define HAVE_MEMORY_H 1
| #define HAVE_STRINGS_H 1
| #define HAVE_INTTYPES_H 1
| #define HAVE_STDINT_H 1
| #define HAVE_UNISTD_H 1
| /* end confdefs.h.  */
| #include <minix/config.h>
configure:4905: result: no
configure:4905: checking for minix/config.h
configure:4905: result: no
configure:4926: checking whether it is safe to define __EXTENSIONS__
configure:4944: gcc -c -g -O2  conftest.c >&5
configure:4944: $? = 0
configure:4951: result: yes
configure:5061: checking for special C compiler options needed for large files
configure:5106: result: no
configure:5112: checking for _FILE_OFFSET_BITS value needed for large files
configure:5137: gcc -c -g -O2  conftest.c >&5
configure:5137: $? = 0
configure:5169: result: no
configure:5303: checking how to print strings
configure:5330: result: printf
configure:5351: checking for a sed that does not truncate output
configure:5415: result: /bin/sed
configure:5433: checking for fgrep
configure:5495: result: /bin/grep -F
configure:5530: checking for ld used by gcc
configure:5597: result: /usr/bin/ld
configure:5604: checking if the linker (/usr/bin/ld) is GNU ld
configure:5619: result: yes
configure:5631: checking for BSD- or MS-compatible name lister (nm)
configure:5680: result: /usr/bin/nm -B
configure:5810: checking the name lister (/usr/bin/nm -B) interface
configure:5817: gcc -c -g -O2  conftest.c >&5
configure:5820: /usr/bin/nm -B "conftest.o"
configure:5823: output
0000000000000000 B some_variable
configure:5830: result: BSD nm
configure:5833: checking whether ln -s works
configure:5837: result: yes
configure:5845: checking the maximum length of command line arguments
configure:5975: result: 1572864
configure:5992: checking whether the shell understands some XSI constructs
configure:6002: result: yes
configure:6006: checking whether the shell understands "+="
configure:6012: result: yes
configure:6047: checking how to convert x86_64-unknown-linux-gnu file names to x86_64-unknown-linux-gnu format
configure:6087: result: func_convert_file_noop
configure:6094: checking how to convert x86_64-unknown-linux-gnu file names to toolchain format
configure:6114: result: func_convert_file_noop
configure:6121: checking for /usr/bin/ld option to reload object files
configure:6128: result: -r
configure:6202: checking for objdump
configure:6218: found /usr/bin/objdump
configure:6229: result: objdump
configure:6258: checking how to recognize dependent libraries
configure:6460: result: pass_all
configure:6545: checking for dlltool
configure:6575: result: no
configure:6602: checking how to associate runtime and link libraries
configure:6629: result: printf %s\n
configure:6753: checking for archiver @FILE support
configure:6770: gcc -c -g -O2  conftest.c >&5
configure:6770: $? = 0
configure:6773: ar cru libconftest.a @conftest.lst >&5
configure:6776: $? = 0
configure:6781: ar cru libconftest.a @conftest.lst >&5
ar: conftest.o: No such file or directory
configure:6784: $? = 1
configure:6796: result: @
configure:6854: checking for strip
configure:6870: found /usr/bin/strip
configure:6881: result: strip
configure:6953: checking for ranlib
configure:6969: found /usr/bin/ranlib
configure:6980: result: ranlib
configure:7082: checking command to parse /usr/bin/nm -B output from gcc object
configure:7202: gcc -c -g -O2  conftest.c >&5
configure:7205: $? = 0
configure:7209: /usr/bin/nm -B conftest.o \| sed -n -e 's/^.*[ ]\([ABCDGIRSTW][ABCDGIRSTW]*\)[ ][ ]*\([_A-Za-z][_A-Za-z0-9]*\)$/\1 \2 \2/p' | sed '/ __gnu_lto/d' \> conftest.nm
configure:7212: $? = 0
configure:7278: gcc -o conftest -g -O2   conftest.c conftstm.o >&5
configure:7281: $? = 0
configure:7319: result: ok
configure:7356: checking for sysroot
configure:7386: result: no
configure:7463: gcc -c -g -O2  conftest.c >&5
configure:7466: $? = 0
configure:7648: checking for mt
configure:7664: found /bin/mt
configure:7675: result: mt
configure:7698: checking if mt is a manifest tool
configure:7704: mt '-?'
configure:7712: result: no
configure:8351: checking for dlfcn.h
configure:8351: gcc -c -g -O2  conftest.c >&5
configure:8351: $? = 0
configure:8351: result: yes
configure:8854: checking for objdir
configure:8869: result: .libs
configure:9140: checking if gcc supports -fno-rtti -fno-exceptions
configure:9158: gcc -c -g -O2  -fno-rtti -fno-exceptions conftest.c >&5
cc1: warning: command line option '-fno-rtti' is valid for C++/ObjC++ but not for C [enabled by default]
configure:9162: $? = 0
configure:9175: result: no
configure:9502: checking for gcc option to produce PIC
configure:9509: result: -fPIC -DPIC
configure:9517: checking if gcc PIC flag -fPIC -DPIC works
configure:9535: gcc -c -g -O2  -fPIC -DPIC -DPIC conftest.c >&5
configure:9539: $? = 0
configure:9552: result: yes
configure:9581: checking if gcc static flag -static works
configure:9609: result: yes
configure:9624: checking if gcc supports -c -o file.o
configure:9645: gcc -c -g -O2  -o out/conftest2.o conftest.c >&5
configure:9649: $? = 0
configure:9671: result: yes
configure:9679: checking if gcc supports -c -o file.o
configure:9726: result: yes
configure:9759: checking whether the gcc linker (/usr/bin/ld -m elf_x86_64) supports shared libraries
configure:10916: result: yes
configure:10953: checking whether -lc should be explicitly linked in
configure:10961: gcc -c -g -O2  conftest.c >&5
configure:10964: $? = 0
configure:10979: gcc -shared  -fPIC -DPIC conftest.o  -v -Wl,-soname -Wl,conftest -o conftest 2\>\&1 \| /bin/grep  -lc  \>/dev/null 2\>\&1
configure:10982: $? = 0
configure:10996: result: no
configure:11156: checking dynamic linker characteristics
configure:11687: gcc -o conftest -g -O2   -Wl,-rpath -Wl,/foo conftest.c  >&5
configure:11687: $? = 0
configure:11921: result: GNU/Linux ld.so
configure:12028: checking how to hardcode library paths into programs
configure:12053: result: immediate
configure:12593: checking whether stripping libraries is possible
configure:12598: result: yes
configure:12633: checking if libtool supports shared libraries
configure:12635: result: yes
configure:12638: checking whether to build shared libraries
configure:12659: result: yes
configure:12662: checking whether to build static libraries
configure:12666: result: no
configure:12746: checking for windres
configure:12776: result: no
configure:12883: checking for cc for build
configure:12890: result: gcc
configure:12901: checking whether NLS is requested
configure:12910: result: yes
configure:12951: checking for msgfmt
configure: trying /usr/bin/msgfmt...
0 translated messages.
configure:12983: result: /usr/bin/msgfmt
configure:12992: checking for gmsgfmt
configure:13023: result: /usr/bin/msgfmt
configure:13074: checking for xgettext
configure: trying /usr/bin/xgettext...
/usr/bin/xgettext: warning: file `/dev/null' extension `' is unknown; will try C
configure:13106: result: /usr/bin/xgettext
configure:13152: checking for msgmerge
configure: trying /usr/bin/msgmerge...
configure:13183: result: /usr/bin/msgmerge
configure:13240: checking for ld used by GCC
configure:13304: result: /usr/bin/ld -m elf_x86_64
configure:13311: checking if the linker (/usr/bin/ld -m elf_x86_64) is GNU ld
configure:13324: result: yes
configure:13331: checking for shared library run path origin
configure:13344: result: done
configure:13845: checking for CFPreferencesCopyAppValue
configure:13863: gcc -o conftest -g -O2   conftest.c  -Wl,-framework -Wl,CoreFoundation >&5
conftest.c:28:42: fatal error: CoreFoundation/CFPreferences.h: No such file or directory
compilation terminated.
configure:13863: $? = 1
configure: failed program was:
| /* confdefs.h */
| #define PACKAGE_NAME "libgpg-error"
| #define PACKAGE_TARNAME "libgpg-error"
| #define PACKAGE_VERSION "1.17"
| #define PACKAGE_STRING "libgpg-error 1.17"
| #define PACKAGE_BUGREPORT "http://bugs.gnupg.org"
| #define PACKAGE_URL ""
| #define PACKAGE "libgpg-error"
| #define VERSION "1.17"
| #define STDC_HEADERS 1
| #define HAVE_SYS_TYPES_H 1
| #define HAVE_SYS_STAT_H 1
| #define HAVE_STDLIB_H 1
| #define HAVE_STRING_H 1
| #define HAVE_MEMORY_H 1
| #define HAVE_STRINGS_H 1
| #define HAVE_INTTYPES_H 1
| #define HAVE_STDINT_H 1
| #define HAVE_UNISTD_H 1
| #define __EXTENSIONS__ 1
| #define _ALL_SOURCE 1
| #define _GNU_SOURCE 1
| #define _POSIX_PTHREAD_SEMANTICS 1
| #define _TANDEM_SOURCE 1
| #define HAVE_DLFCN_H 1
| #define LT_OBJDIR ".libs/"
| /* end confdefs.h.  */
| #include <CoreFoundation/CFPreferences.h>
| int
| main ()
| {
| CFPreferencesCopyAppValue(NULL, NULL)
|   ;
|   return 0;
| }
configure:13872: result: no
configure:13879: checking for CFLocaleCopyCurrent
configure:13897: gcc -o conftest -g -O2   conftest.c  -Wl,-framework -Wl,CoreFoundation >&5
conftest.c:28:37: fatal error: CoreFoundation/CFLocale.h: No such file or directory
compilation terminated.
configure:13897: $? = 1
configure: failed program was:
| /* confdefs.h */
| #define PACKAGE_NAME "libgpg-error"
| #define PACKAGE_TARNAME "libgpg-error"
| #define PACKAGE_VERSION "1.17"
| #define PACKAGE_STRING "libgpg-error 1.17"
| #define PACKAGE_BUGREPORT "http://bugs.gnupg.org"
| #define PACKAGE_URL ""
| #define PACKAGE "libgpg-error"
| #define VERSION "1.17"
| #define STDC_HEADERS 1
| #define HAVE_SYS_TYPES_H 1
| #define HAVE_SYS_STAT_H 1
| #define HAVE_STDLIB_H 1
| #define HAVE_STRING_H 1
| #define HAVE_MEMORY_H 1
| #define HAVE_STRINGS_H 1
| #define HAVE_INTTYPES_H 1
| #define HAVE_STDINT_H 1
| #define HAVE_UNISTD_H 1
| #define __EXTENSIONS__ 1
| #define _ALL_SOURCE 1
| #define _GNU_SOURCE 1
| #define _POSIX_PTHREAD_SEMANTICS 1
| #define _TANDEM_SOURCE 1
| #define HAVE_DLFCN_H 1
| #define LT_OBJDIR ".libs/"
| /* end confdefs.h.  */
| #include <CoreFoundation/CFLocale.h>
| int
| main ()
| {
| CFLocaleCopyCurrent();
|   ;
|   return 0;
| }
configure:13906: result: no
configure:13955: checking for GNU gettext in libc
configure:13975: gcc -o conftest -g -O2   conftest.c  >&5
configure:13975: $? = 0
configure:13984: result: yes
configure:14730: checking whether to use NLS
configure:14732: result: yes
configure:14735: checking where the gettext function comes from
configure:14746: result: libc
configure:14805: checking for ANSI C header files
configure:14909: result: yes
configure:14920: checking for stdlib.h
configure:14920: result: yes
configure:14920: checking locale.h usability
configure:14920: gcc -c -g -O2  conftest.c >&5
configure:14920: $? = 0
configure:14920: result: yes
configure:14920: checking locale.h presence
configure:14920: gcc -E  conftest.c
configure:14920: $? = 0
configure:14920: result: yes
configure:14920: checking for locale.h
configure:14920: result: yes
configure:14920: checking for stdint.h
configure:14920: result: yes
configure:14930: checking whether strerror_r is declared
configure:14930: gcc -c -g -O2  conftest.c >&5
configure:14930: $? = 0
configure:14930: result: yes
configure:14943: checking for strerror_r
configure:14943: gcc -o conftest -g -O2   conftest.c  >&5
configure:14943: $? = 0
configure:14943: result: yes
configure:14952: checking whether strerror_r returns char *
configure:14976: gcc -c -g -O2  conftest.c >&5
configure:14976: $? = 0
configure:15014: result: yes
configure:15028: checking for strerror_r
configure:15028: result: yes
configure:15042: checking for flockfile
configure:15042: gcc -o conftest -g -O2   conftest.c  >&5
configure:15042: $? = 0
configure:15042: result: yes
configure:15042: checking for vasprintf
configure:15042: gcc -o conftest -g -O2   conftest.c  >&5
configure:15042: $? = 0
configure:15042: result: yes
configure:15056: checking for an ANSI C-conforming const
configure:15122: gcc -c -g -O2  conftest.c >&5
configure:15122: $? = 0
configure:15129: result: yes
configure:15142: checking size of int
configure:15147: gcc -o conftest -g -O2   conftest.c  >&5
configure:15147: $? = 0
configure:15147: ./conftest
configure:15147: $? = 0
configure:15161: result: 4
configure:15175: checking size of long
configure:15180: gcc -o conftest -g -O2   conftest.c  >&5
configure:15180: $? = 0
configure:15180: ./conftest
configure:15180: $? = 0
configure:15194: result: 8
configure:15208: checking size of long long
configure:15213: gcc -o conftest -g -O2   conftest.c  >&5
configure:15213: $? = 0
configure:15213: ./conftest
configure:15213: $? = 0
configure:15227: result: 8
configure:15265: checking for cc features
configure:15270: checking if gcc ignores unknown -Wno-* options
configure:15286: gcc -c -g -O2  conftest.c >&5
configure:15286: $? = 0
configure:15292: result: yes
configure:15364: checking if gcc supports -Wpointer-arith
configure:15379: gcc -c -Wpointer-arith  conftest.c >&5
configure:15379: $? = 0
configure:15385: result: yes
configure:15404: checking whether the GCC style aligned attribute is supported
configure:15414: gcc -c -g -O2 -Wall -Wpointer-arith -Wno-psabi  conftest.c >&5
configure:15414: $? = 0
configure:15419: result: yes
configure:15430: checking whether the visibility attribute is supported
configure:15453: result: yes
configure:15456: checking for broken visibility attribute
configure:15480: result: no
configure:15484: checking for broken alias attribute
configure:15510: result: no
configure:15514: checking if gcc supports -fvisibility=hidden
configure:15533: gcc -c -fvisibility=hidden  conftest.c >&5
configure:15533: $? = 0
configure:15540: result: yes
configure:15610: checking whether imported symbols can be declared weak
configure:15628: gcc -o conftest -g -O2 -Wall -Wpointer-arith -Wno-psabi -fvisibility=hidden   conftest.c  >&5
configure:15628: $? = 0
configure:15662: gcc -o conftest -g -O2 -Wall -Wpointer-arith -Wno-psabi -fvisibility=hidden   conftest.c  >&5
configure:15662: $? = 0
configure:15662: ./conftest
configure:15662: $? = 0
configure:15674: result: yes
configure:15679: checking pthread.h usability
configure:15679: gcc -c -g -O2 -Wall -Wpointer-arith -Wno-psabi -fvisibility=hidden  conftest.c >&5
configure:15679: $? = 0
configure:15679: result: yes
configure:15679: checking pthread.h presence
configure:15679: gcc -E  conftest.c
configure:15679: $? = 0
configure:15679: result: yes
configure:15679: checking for pthread.h
configure:15679: result: yes
configure:15707: gcc -o conftest -g -O2 -Wall -Wpointer-arith -Wno-psabi -fvisibility=hidden   conftest.c  >&5
conftest.c: In function 'main':
conftest.c:50:1: warning: null argument where non-null required (argument 1) [-Wnonnull]
conftest.c:51:16: warning: null argument where non-null required (argument 1) [-Wnonnull]
/tmp/ccPIuzdr.o: In function `main':
/home/mary/libgpg-error-1.17/conftest.c:51: undefined reference to `pthread_mutexattr_init'
collect2: error: ld returned 1 exit status
configure:15707: $? = 1
configure: failed program was:
| /* confdefs.h */
| #define PACKAGE_NAME "libgpg-error"
| #define PACKAGE_TARNAME "libgpg-error"
| #define PACKAGE_VERSION "1.17"
| #define PACKAGE_STRING "libgpg-error 1.17"
| #define PACKAGE_BUGREPORT "http://bugs.gnupg.org"
| #define PACKAGE_URL ""
| #define PACKAGE "libgpg-error"
| #define VERSION "1.17"
| #define STDC_HEADERS 1
| #define HAVE_SYS_TYPES_H 1
| #define HAVE_SYS_STAT_H 1
| #define HAVE_STDLIB_H 1
| #define HAVE_STRING_H 1
| #define HAVE_MEMORY_H 1
| #define HAVE_STRINGS_H 1
| #define HAVE_INTTYPES_H 1
| #define HAVE_STDINT_H 1
| #define HAVE_UNISTD_H 1
| #define __EXTENSIONS__ 1
| #define _ALL_SOURCE 1
| #define _GNU_SOURCE 1
| #define _POSIX_PTHREAD_SEMANTICS 1
| #define _TANDEM_SOURCE 1
| #define HAVE_DLFCN_H 1
| #define LT_OBJDIR ".libs/"
| #define ENABLE_NLS 1
| #define HAVE_GETTEXT 1
| #define HAVE_DCGETTEXT 1
| #define STDC_HEADERS 1
| #define HAVE_STDLIB_H 1
| #define HAVE_LOCALE_H 1
| #define HAVE_STDINT_H 1
| #define HAVE_DECL_STRERROR_R 1
| #define HAVE_STRERROR_R 1
| #define STRERROR_R_CHAR_P 1
| #define HAVE_FLOCKFILE 1
| #define HAVE_VASPRINTF 1
| #define SIZEOF_INT 4
| #define SIZEOF_LONG 8
| #define SIZEOF_LONG_LONG 8
| #define REPLACEMENT_FOR_OFF_T "long"
| #define HAVE_GCC_ATTRIBUTE_ALIGNED 1
| #define GPGRT_USE_VISIBILITY 1
| /* end confdefs.h.  */
| #include <pthread.h>
| int
| main ()
| {
| pthread_mutex_lock((pthread_mutex_t*)0);
|                pthread_mutexattr_init((pthread_mutexattr_t*)0);
|   ;
|   return 0;
| }
configure:15770: checking for pthread_kill in -lpthread
configure:15795: gcc -o conftest -g -O2 -Wall -Wpointer-arith -Wno-psabi -fvisibility=hidden   conftest.c -lpthread   >&5
configure:15795: $? = 0
configure:15804: result: yes
configure:15936: checking for multithread API to use
configure:15938: result: posix
configure:15954: checking for pthread_rwlock_t
configure:15954: gcc -c -g -O2 -Wall -Wpointer-arith -Wno-psabi -fvisibility=hidden  conftest.c >&5
configure:15954: $? = 0
configure:15954: gcc -c -g -O2 -Wall -Wpointer-arith -Wno-psabi -fvisibility=hidden  conftest.c >&5
conftest.c: In function 'main':
conftest.c:53:31: error: expected expression before ')' token
configure:15954: $? = 1
configure: failed program was:
| /* confdefs.h */
| #define PACKAGE_NAME "libgpg-error"
| #define PACKAGE_TARNAME "libgpg-error"
| #define PACKAGE_VERSION "1.17"
| #define PACKAGE_STRING "libgpg-error 1.17"
| #define PACKAGE_BUGREPORT "http://bugs.gnupg.org"
| #define PACKAGE_URL ""
| #define PACKAGE "libgpg-error"
| #define VERSION "1.17"
| #define STDC_HEADERS 1
| #define HAVE_SYS_TYPES_H 1
| #define HAVE_SYS_STAT_H 1
| #define HAVE_STDLIB_H 1
| #define HAVE_STRING_H 1
| #define HAVE_MEMORY_H 1
| #define HAVE_STRINGS_H 1
| #define HAVE_INTTYPES_H 1
| #define HAVE_STDINT_H 1
| #define HAVE_UNISTD_H 1
| #define __EXTENSIONS__ 1
| #define _ALL_SOURCE 1
| #define _GNU_SOURCE 1
| #define _POSIX_PTHREAD_SEMANTICS 1
| #define _TANDEM_SOURCE 1
| #define HAVE_DLFCN_H 1
| #define LT_OBJDIR ".libs/"
| #define ENABLE_NLS 1
| #define HAVE_GETTEXT 1
| #define HAVE_DCGETTEXT 1
| #define STDC_HEADERS 1
| #define HAVE_STDLIB_H 1
| #define HAVE_LOCALE_H 1
| #define HAVE_STDINT_H 1
| #define HAVE_DECL_STRERROR_R 1
| #define HAVE_STRERROR_R 1
| #define STRERROR_R_CHAR_P 1
| #define HAVE_FLOCKFILE 1
| #define HAVE_VASPRINTF 1
| #define SIZEOF_INT 4
| #define SIZEOF_LONG 8
| #define SIZEOF_LONG_LONG 8
| #define REPLACEMENT_FOR_OFF_T "long"
| #define HAVE_GCC_ATTRIBUTE_ALIGNED 1
| #define GPGRT_USE_VISIBILITY 1
| #define USE_POSIX_THREADS 1
| #define USE_POSIX_THREADS_WEAK 1
| /* end confdefs.h.  */
| #include <pthread.h>
| 
| int
| main ()
| {
| if (sizeof ((pthread_rwlock_t)))
| 	    return 0;
|   ;
|   return 0;
| }
configure:15954: result: yes
configure:15985: gcc -c -g -O2 -Wall -Wpointer-arith -Wno-psabi -fvisibility=hidden  conftest.c >&5
configure:15985: $? = 0
configure:15999: checking size of pthread_mutex_t
configure:16004: gcc -o conftest -g -O2 -Wall -Wpointer-arith -Wno-psabi -fvisibility=hidden   conftest.c  >&5
configure:16004: $? = 0
configure:16004: ./conftest
configure:16004: $? = 0
configure:16020: result: 40
configure:16037: checking for unsigned long long int
configure:16074: gcc -o conftest -g -O2 -Wall -Wpointer-arith -Wno-psabi -fvisibility=hidden   conftest.c  >&5
configure:16074: $? = 0
configure:16082: result: yes
configure:16091: checking system features for estream-printf
configure:16095: checking for stdint.h
configure:16095: result: yes
configure:16106: checking for long long int
configure:16143: gcc -o conftest -g -O2 -Wall -Wpointer-arith -Wno-psabi -fvisibility=hidden   conftest.c  >&5
configure:16143: $? = 0
configure:16173: gcc -o conftest -g -O2 -Wall -Wpointer-arith -Wno-psabi -fvisibility=hidden   conftest.c  >&5
configure:16173: $? = 0
configure:16173: ./conftest
configure:16173: $? = 0
configure:16188: result: yes
configure:16197: checking for long double
configure:16230: result: yes
configure:16240: checking for intmax_t
configure:16240: gcc -c -g -O2 -Wall -Wpointer-arith -Wno-psabi -fvisibility=hidden  conftest.c >&5
configure:16240: $? = 0
configure:16240: gcc -c -g -O2 -Wall -Wpointer-arith -Wno-psabi -fvisibility=hidden  conftest.c >&5
conftest.c: In function 'main':
conftest.c:91:23: error: expected expression before ')' token
configure:16240: $? = 1
configure: failed program was:
| /* confdefs.h */
| #define PACKAGE_NAME "libgpg-error"
| #define PACKAGE_TARNAME "libgpg-error"
| #define PACKAGE_VERSION "1.17"
| #define PACKAGE_STRING "libgpg-error 1.17"
| #define PACKAGE_BUGREPORT "http://bugs.gnupg.org"
| #define PACKAGE_URL ""
| #define PACKAGE "libgpg-error"
| #define VERSION "1.17"
| #define STDC_HEADERS 1
| #define HAVE_SYS_TYPES_H 1
| #define HAVE_SYS_STAT_H 1
| #define HAVE_STDLIB_H 1
| #define HAVE_STRING_H 1
| #define HAVE_MEMORY_H 1
| #define HAVE_STRINGS_H 1
| #define HAVE_INTTYPES_H 1
| #define HAVE_STDINT_H 1
| #define HAVE_UNISTD_H 1
| #define __EXTENSIONS__ 1
| #define _ALL_SOURCE 1
| #define _GNU_SOURCE 1
| #define _POSIX_PTHREAD_SEMANTICS 1
| #define _TANDEM_SOURCE 1
| #define HAVE_DLFCN_H 1
| #define LT_OBJDIR ".libs/"
| #define ENABLE_NLS 1
| #define HAVE_GETTEXT 1
| #define HAVE_DCGETTEXT 1
| #define STDC_HEADERS 1
| #define HAVE_STDLIB_H 1
| #define HAVE_LOCALE_H 1
| #define HAVE_STDINT_H 1
| #define HAVE_DECL_STRERROR_R 1
| #define HAVE_STRERROR_R 1
| #define STRERROR_R_CHAR_P 1
| #define HAVE_FLOCKFILE 1
| #define HAVE_VASPRINTF 1
| #define SIZEOF_INT 4
| #define SIZEOF_LONG 8
| #define SIZEOF_LONG_LONG 8
| #define REPLACEMENT_FOR_OFF_T "long"
| #define HAVE_GCC_ATTRIBUTE_ALIGNED 1
| #define GPGRT_USE_VISIBILITY 1
| #define USE_POSIX_THREADS 1
| #define USE_POSIX_THREADS_WEAK 1
| #define HAVE_PTHREAD_RWLOCK 1
| #define HAVE_PTHREAD_MUTEX_RECURSIVE 1
| #define SIZEOF_PTHREAD_MUTEX_T 40
| #define HAVE_UNSIGNED_LONG_LONG_INT 1
| #define HAVE_STDINT_H 1
| #define HAVE_LONG_LONG_INT 1
| #define HAVE_LONG_DOUBLE 1
| /* end confdefs.h.  */
| #include <stdio.h>
| #ifdef HAVE_SYS_TYPES_H
| # include <sys/types.h>
| #endif
| #ifdef HAVE_SYS_STAT_H
| # include <sys/stat.h>
| #endif
| #ifdef STDC_HEADERS
| # include <stdlib.h>
| # include <stddef.h>
| #else
| # ifdef HAVE_STDLIB_H
| #  include <stdlib.h>
| # endif
| #endif
| #ifdef HAVE_STRING_H
| # if !defined STDC_HEADERS && defined HAVE_MEMORY_H
| #  include <memory.h>
| # endif
| # include <string.h>
| #endif
| #ifdef HAVE_STRINGS_H
| # include <strings.h>
| #endif
| #ifdef HAVE_INTTYPES_H
| # include <inttypes.h>
| #endif
| #ifdef HAVE_STDINT_H
| # include <stdint.h>
| #endif
| #ifdef HAVE_UNISTD_H
| # include <unistd.h>
| #endif
| int
| main ()
| {
| if (sizeof ((intmax_t)))
| 	    return 0;
|   ;
|   return 0;
| }
configure:16240: result: yes
configure:16259: checking for uintmax_t
configure:16259: gcc -c -g -O2 -Wall -Wpointer-arith -Wno-psabi -fvisibility=hidden  conftest.c >&5
configure:16259: $? = 0
configure:16259: gcc -c -g -O2 -Wall -Wpointer-arith -Wno-psabi -fvisibility=hidden  conftest.c >&5
conftest.c: In function 'main':
conftest.c:92:24: error: expected expression before ')' token
configure:16259: $? = 1
configure: failed program was:
| /* confdefs.h */
| #define PACKAGE_NAME "libgpg-error"
| #define PACKAGE_TARNAME "libgpg-error"
| #define PACKAGE_VERSION "1.17"
| #define PACKAGE_STRING "libgpg-error 1.17"
| #define PACKAGE_BUGREPORT "http://bugs.gnupg.org"
| #define PACKAGE_URL ""
| #define PACKAGE "libgpg-error"
| #define VERSION "1.17"
| #define STDC_HEADERS 1
| #define HAVE_SYS_TYPES_H 1
| #define HAVE_SYS_STAT_H 1
| #define HAVE_STDLIB_H 1
| #define HAVE_STRING_H 1
| #define HAVE_MEMORY_H 1
| #define HAVE_STRINGS_H 1
| #define HAVE_INTTYPES_H 1
| #define HAVE_STDINT_H 1
| #define HAVE_UNISTD_H 1
| #define __EXTENSIONS__ 1
| #define _ALL_SOURCE 1
| #define _GNU_SOURCE 1
| #define _POSIX_PTHREAD_SEMANTICS 1
| #define _TANDEM_SOURCE 1
| #define HAVE_DLFCN_H 1
| #define LT_OBJDIR ".libs/"
| #define ENABLE_NLS 1
| #define HAVE_GETTEXT 1
| #define HAVE_DCGETTEXT 1
| #define STDC_HEADERS 1
| #define HAVE_STDLIB_H 1
| #define HAVE_LOCALE_H 1
| #define HAVE_STDINT_H 1
| #define HAVE_DECL_STRERROR_R 1
| #define HAVE_STRERROR_R 1
| #define STRERROR_R_CHAR_P 1
| #define HAVE_FLOCKFILE 1
| #define HAVE_VASPRINTF 1
| #define SIZEOF_INT 4
| #define SIZEOF_LONG 8
| #define SIZEOF_LONG_LONG 8
| #define REPLACEMENT_FOR_OFF_T "long"
| #define HAVE_GCC_ATTRIBUTE_ALIGNED 1
| #define GPGRT_USE_VISIBILITY 1
| #define USE_POSIX_THREADS 1
| #define USE_POSIX_THREADS_WEAK 1
| #define HAVE_PTHREAD_RWLOCK 1
| #define HAVE_PTHREAD_MUTEX_RECURSIVE 1
| #define SIZEOF_PTHREAD_MUTEX_T 40
| #define HAVE_UNSIGNED_LONG_LONG_INT 1
| #define HAVE_STDINT_H 1
| #define HAVE_LONG_LONG_INT 1
| #define HAVE_LONG_DOUBLE 1
| #define HAVE_INTMAX_T 1
| /* end confdefs.h.  */
| #include <stdio.h>
| #ifdef HAVE_SYS_TYPES_H
| # include <sys/types.h>
| #endif
| #ifdef HAVE_SYS_STAT_H
| # include <sys/stat.h>
| #endif
| #ifdef STDC_HEADERS
| # include <stdlib.h>
| # include <stddef.h>
| #else
| # ifdef HAVE_STDLIB_H
| #  include <stdlib.h>
| # endif
| #endif
| #ifdef HAVE_STRING_H
| # if !defined STDC_HEADERS && defined HAVE_MEMORY_H
| #  include <memory.h>
| # endif
| # include <string.h>
| #endif
| #ifdef HAVE_STRINGS_H
| # include <strings.h>
| #endif
| #ifdef HAVE_INTTYPES_H
| # include <inttypes.h>
| #endif
| #ifdef HAVE_STDINT_H
| # include <stdint.h>
| #endif
| #ifdef HAVE_UNISTD_H
| # include <unistd.h>
| #endif
| int
| main ()
| {
| if (sizeof ((uintmax_t)))
| 	    return 0;
|   ;
|   return 0;
| }
configure:16259: result: yes
configure:16276: checking for ptrdiff_t
configure:16276: gcc -c -g -O2 -Wall -Wpointer-arith -Wno-psabi -fvisibility=hidden  conftest.c >&5
configure:16276: $? = 0
configure:16276: gcc -c -g -O2 -Wall -Wpointer-arith -Wno-psabi -fvisibility=hidden  conftest.c >&5
conftest.c: In function 'main':
conftest.c:93:24: error: expected expression before ')' token
configure:16276: $? = 1
configure: failed program was:
| /* confdefs.h */
| #define PACKAGE_NAME "libgpg-error"
| #define PACKAGE_TARNAME "libgpg-error"
| #define PACKAGE_VERSION "1.17"
| #define PACKAGE_STRING "libgpg-error 1.17"
| #define PACKAGE_BUGREPORT "http://bugs.gnupg.org"
| #define PACKAGE_URL ""
| #define PACKAGE "libgpg-error"
| #define VERSION "1.17"
| #define STDC_HEADERS 1
| #define HAVE_SYS_TYPES_H 1
| #define HAVE_SYS_STAT_H 1
| #define HAVE_STDLIB_H 1
| #define HAVE_STRING_H 1
| #define HAVE_MEMORY_H 1
| #define HAVE_STRINGS_H 1
| #define HAVE_INTTYPES_H 1
| #define HAVE_STDINT_H 1
| #define HAVE_UNISTD_H 1
| #define __EXTENSIONS__ 1
| #define _ALL_SOURCE 1
| #define _GNU_SOURCE 1
| #define _POSIX_PTHREAD_SEMANTICS 1
| #define _TANDEM_SOURCE 1
| #define HAVE_DLFCN_H 1
| #define LT_OBJDIR ".libs/"
| #define ENABLE_NLS 1
| #define HAVE_GETTEXT 1
| #define HAVE_DCGETTEXT 1
| #define STDC_HEADERS 1
| #define HAVE_STDLIB_H 1
| #define HAVE_LOCALE_H 1
| #define HAVE_STDINT_H 1
| #define HAVE_DECL_STRERROR_R 1
| #define HAVE_STRERROR_R 1
| #define STRERROR_R_CHAR_P 1
| #define HAVE_FLOCKFILE 1
| #define HAVE_VASPRINTF 1
| #define SIZEOF_INT 4
| #define SIZEOF_LONG 8
| #define SIZEOF_LONG_LONG 8
| #define REPLACEMENT_FOR_OFF_T "long"
| #define HAVE_GCC_ATTRIBUTE_ALIGNED 1
| #define GPGRT_USE_VISIBILITY 1
| #define USE_POSIX_THREADS 1
| #define USE_POSIX_THREADS_WEAK 1
| #define HAVE_PTHREAD_RWLOCK 1
| #define HAVE_PTHREAD_MUTEX_RECURSIVE 1
| #define SIZEOF_PTHREAD_MUTEX_T 40
| #define HAVE_UNSIGNED_LONG_LONG_INT 1
| #define HAVE_STDINT_H 1
| #define HAVE_LONG_LONG_INT 1
| #define HAVE_LONG_DOUBLE 1
| #define HAVE_INTMAX_T 1
| #define HAVE_UINTMAX_T 1
| /* end confdefs.h.  */
| #include <stdio.h>
| #ifdef HAVE_SYS_TYPES_H
| # include <sys/types.h>
| #endif
| #ifdef HAVE_SYS_STAT_H
| # include <sys/stat.h>
| #endif
| #ifdef STDC_HEADERS
| # include <stdlib.h>
| # include <stddef.h>
| #else
| # ifdef HAVE_STDLIB_H
| #  include <stdlib.h>
| # endif
| #endif
| #ifdef HAVE_STRING_H
| # if !defined STDC_HEADERS && defined HAVE_MEMORY_H
| #  include <memory.h>
| # endif
| # include <string.h>
| #endif
| #ifdef HAVE_STRINGS_H
| # include <strings.h>
| #endif
| #ifdef HAVE_INTTYPES_H
| # include <inttypes.h>
| #endif
| #ifdef HAVE_STDINT_H
| # include <stdint.h>
| #endif
| #ifdef HAVE_UNISTD_H
| # include <unistd.h>
| #endif
| int
| main ()
| {
| if (sizeof ((ptrdiff_t)))
| 	    return 0;
|   ;
|   return 0;
| }
configure:16276: result: yes
configure:16290: checking size of unsigned long
configure:16295: gcc -o conftest -g -O2 -Wall -Wpointer-arith -Wno-psabi -fvisibility=hidden   conftest.c  >&5
configure:16295: $? = 0
configure:16295: ./conftest
configure:16295: $? = 0
configure:16309: result: 8
configure:16323: checking size of void *
configure:16328: gcc -o conftest -g -O2 -Wall -Wpointer-arith -Wno-psabi -fvisibility=hidden   conftest.c  >&5
configure:16328: $? = 0
configure:16328: ./conftest
configure:16328: $? = 0
configure:16342: result: 8
configure:16352: checking for nl_langinfo and THOUSANDS_SEP
configure:16368: gcc -o conftest -g -O2 -Wall -Wpointer-arith -Wno-psabi -fvisibility=hidden   conftest.c  >&5
configure:16368: $? = 0
configure:16377: result: yes
configure:16387: checking system features for estream
configure:16391: checking for memrchr
configure:16391: gcc -o conftest -g -O2 -Wall -Wpointer-arith -Wno-psabi -fvisibility=hidden   conftest.c  >&5
configure:16391: $? = 0
configure:16391: result: yes
configure:16731: creating ./config.status

## ---------------------- ##
## Running config.status. ##
## ---------------------- ##

This file was extended by libgpg-error config.status 1.17, which was
generated by GNU Autoconf 2.69.  Invocation command line was

  CONFIG_FILES    = 
  CONFIG_HEADERS  = 
  CONFIG_LINKS    = 
  CONFIG_COMMANDS = 
  $ ./config.status 

on kali

config.status:1239: creating Makefile
config.status:1239: creating doc/Makefile
config.status:1239: creating po/Makefile.in
config.status:1239: creating m4/Makefile
config.status:1239: creating src/Makefile
config.status:1239: creating tests/Makefile
config.status:1239: creating lang/Makefile
config.status:1239: creating lang/cl/Makefile
config.status:1239: creating lang/cl/gpg-error.asd
config.status:1239: creating src/versioninfo.rc
config.status:1239: creating src/gpg-error-config
config.status:1239: creating config.h
config.status:1468: executing depfiles commands
config.status:1468: executing libtool commands
config.status:1468: executing po-directories commands

## ---------------- ##
## Cache variables. ##
## ---------------- ##

ac_cv_build=x86_64-unknown-linux-gnu
ac_cv_c_compiler_gnu=yes
ac_cv_c_const=yes
ac_cv_env_CC_FOR_BUILD_set=
ac_cv_env_CC_FOR_BUILD_value=
ac_cv_env_CC_set=
ac_cv_env_CC_value=
ac_cv_env_CFLAGS_set=
ac_cv_env_CFLAGS_value=
ac_cv_env_CPPFLAGS_set=
ac_cv_env_CPPFLAGS_value=
ac_cv_env_CPP_set=
ac_cv_env_CPP_value=
ac_cv_env_LDFLAGS_set=
ac_cv_env_LDFLAGS_value=
ac_cv_env_LIBS_set=
ac_cv_env_LIBS_value=
ac_cv_env_build_alias_set=
ac_cv_env_build_alias_value=
ac_cv_env_host_alias_set=
ac_cv_env_host_alias_value=
ac_cv_env_target_alias_set=
ac_cv_env_target_alias_value=
ac_cv_func_flockfile=yes
ac_cv_func_memrchr=yes
ac_cv_func_strerror_r=yes
ac_cv_func_strerror_r_char_p=yes
ac_cv_func_vasprintf=yes
ac_cv_have_decl_strerror_r=yes
ac_cv_header_dlfcn_h=yes
ac_cv_header_inttypes_h=yes
ac_cv_header_locale_h=yes
ac_cv_header_memory_h=yes
ac_cv_header_minix_config_h=no
ac_cv_header_pthread_h=yes
ac_cv_header_stdc=yes
ac_cv_header_stdint_h=yes
ac_cv_header_stdlib_h=yes
ac_cv_header_string_h=yes
ac_cv_header_strings_h=yes
ac_cv_header_sys_stat_h=yes
ac_cv_header_sys_types_h=yes
ac_cv_header_unistd_h=yes
ac_cv_host=x86_64-unknown-linux-gnu
ac_cv_lib_pthread_pthread_kill=yes
ac_cv_objext=o
ac_cv_path_EGREP='/bin/grep -E'
ac_cv_path_FGREP='/bin/grep -F'
ac_cv_path_GMSGFMT=/usr/bin/msgfmt
ac_cv_path_GREP=/bin/grep
ac_cv_path_MSGFMT=/usr/bin/msgfmt
ac_cv_path_MSGMERGE=/usr/bin/msgmerge
ac_cv_path_SED=/bin/sed
ac_cv_path_XGETTEXT=/usr/bin/xgettext
ac_cv_path_install='/usr/bin/install -c'
ac_cv_path_mkdir=/bin/mkdir
ac_cv_prog_AWK=mawk
ac_cv_prog_CPP='gcc -E'
ac_cv_prog_ac_ct_AR=ar
ac_cv_prog_ac_ct_CC=gcc
ac_cv_prog_ac_ct_MANIFEST_TOOL=mt
ac_cv_prog_ac_ct_OBJDUMP=objdump
ac_cv_prog_ac_ct_RANLIB=ranlib
ac_cv_prog_ac_ct_STRIP=strip
ac_cv_prog_cc_c89=
ac_cv_prog_cc_g=yes
ac_cv_prog_cc_gcc_c_o=yes
ac_cv_prog_make_make_set=yes
ac_cv_safe_to_define___extensions__=yes
ac_cv_sizeof_int=4
ac_cv_sizeof_long=8
ac_cv_sizeof_long_long=8
ac_cv_sizeof_pthread_mutex_t=40
ac_cv_sizeof_unsigned_long=8
ac_cv_sizeof_void_p=8
ac_cv_sys_file_offset_bits=no
ac_cv_sys_largefile_CC=no
ac_cv_type_intmax_t=yes
ac_cv_type_long_double=yes
ac_cv_type_long_long_int=yes
ac_cv_type_pthread_rwlock_t=yes
ac_cv_type_ptrdiff_t=yes
ac_cv_type_uintmax_t=yes
ac_cv_type_unsigned_long_long_int=yes
acl_cv_hardcode_direct=no
acl_cv_hardcode_libdir_flag_spec='${wl}-rpath ${wl}$libdir'
acl_cv_hardcode_libdir_separator=
acl_cv_hardcode_minus_L=no
acl_cv_libext=a
acl_cv_libname_spec='lib$name'
acl_cv_library_names_spec='$libname$shrext'
acl_cv_path_LD='/usr/bin/ld -m elf_x86_64'
acl_cv_prog_gnu_ld=yes
acl_cv_rpath=done
acl_cv_shlibext=so
acl_cv_wl=-Wl,
am_cv_CC_dependencies_compiler_type=gcc3
am_cv_make_support_nested_variables=yes
estream_cv_langinfo_thousands_sep=yes
gcry_cv_broken_alias_attribute=no
gcry_cv_broken_visibility_attribute=no
gcry_cv_gcc_attribute_aligned=yes
gcry_cv_gcc_has_f_visibility=yes
gcry_cv_visibility_attribute=yes
gl_cv_have_weak=yes
gt_cv_func_CFLocaleCopyCurrent=no
gt_cv_func_CFPreferencesCopyAppValue=no
gt_cv_func_gnugettext1_libc=yes
lt_cv_ar_at_file=@
lt_cv_archive_cmds_need_lc=no
lt_cv_deplibs_check_method=pass_all
lt_cv_file_magic_cmd='$MAGIC_CMD'
lt_cv_file_magic_test_file=
lt_cv_ld_reload_flag=-r
lt_cv_nm_interface='BSD nm'
lt_cv_objdir=.libs
lt_cv_path_LD=/usr/bin/ld
lt_cv_path_NM='/usr/bin/nm -B'
lt_cv_path_mainfest_tool=no
lt_cv_prog_compiler_c_o=yes
lt_cv_prog_compiler_c_o_RC=yes
lt_cv_prog_compiler_pic='-fPIC -DPIC'
lt_cv_prog_compiler_pic_works=yes
lt_cv_prog_compiler_rtti_exceptions=no
lt_cv_prog_compiler_static_works=yes
lt_cv_prog_gnu_ld=yes
lt_cv_sharedlib_from_linklib_cmd='printf %s\n'
lt_cv_shlibpath_overrides_runpath=no
lt_cv_sys_global_symbol_pipe='sed -n -e '\''s/^.*[	 ]\([ABCDGIRSTW][ABCDGIRSTW]*\)[	 ][	 ]*\([_A-Za-z][_A-Za-z0-9]*\)$/\1 \2 \2/p'\'' | sed '\''/ __gnu_lto/d'\'''
lt_cv_sys_global_symbol_to_c_name_address='sed -n -e '\''s/^: \([^ ]*\)[ ]*$/  {\"\1\", (void *) 0},/p'\'' -e '\''s/^[ABCDGIRSTW]* \([^ ]*\) \([^ ]*\)$/  {"\2", (void *) \&\2},/p'\'''
lt_cv_sys_global_symbol_to_c_name_address_lib_prefix='sed -n -e '\''s/^: \([^ ]*\)[ ]*$/  {\"\1\", (void *) 0},/p'\'' -e '\''s/^[ABCDGIRSTW]* \([^ ]*\) \(lib[^ ]*\)$/  {"\2", (void *) \&\2},/p'\'' -e '\''s/^[ABCDGIRSTW]* \([^ ]*\) \([^ ]*\)$/  {"lib\2", (void *) \&\2},/p'\'''
lt_cv_sys_global_symbol_to_cdecl='sed -n -e '\''s/^T .* \(.*\)$/extern int \1();/p'\'' -e '\''s/^[ABCDGIRSTW]* .* \(.*\)$/extern char \1;/p'\'''
lt_cv_sys_max_cmd_len=1572864
lt_cv_to_host_file_cmd=func_convert_file_noop
lt_cv_to_tool_file_cmd=func_convert_file_noop

## ----------------- ##
## Output variables. ##
## ----------------- ##

ACLOCAL='${SHELL} /home/mary/libgpg-error-1.17/build-aux/missing --run aclocal-1.11'
AMDEPBACKSLASH='\'
AMDEP_FALSE='#'
AMDEP_TRUE=''
AMTAR='$${TAR-tar}'
AM_BACKSLASH='\'
AM_DEFAULT_V='$(AM_DEFAULT_VERBOSITY)'
AM_DEFAULT_VERBOSITY='1'
AM_V='$(V)'
AR='ar'
AS='as'
AUTOCONF='${SHELL} /home/mary/libgpg-error-1.17/build-aux/missing --run autoconf'
AUTOHEADER='${SHELL} /home/mary/libgpg-error-1.17/build-aux/missing --run autoheader'
AUTOMAKE='${SHELL} /home/mary/libgpg-error-1.17/build-aux/missing --run automake-1.11'
AWK='mawk'
BUILD_FILEVERSION='1,17,0,7582'
BUILD_REVISION='1d9e4c2'
BUILD_TIMESTAMP='2015-02-08T12:58+0000'
CC='gcc'
CCDEPMODE='depmode=gcc3'
CC_FOR_BUILD='gcc'
CFLAGS='-g -O2 -Wall -Wpointer-arith -Wno-psabi -fvisibility=hidden'
CPP='gcc -E'
CPPFLAGS=''
CROSS_COMPILING_FALSE=''
CROSS_COMPILING_TRUE='#'
CYGPATH_W='echo'
DEFS='-DHAVE_CONFIG_H'
DEPDIR='.deps'
DLLTOOL='false'
DSYMUTIL=''
DUMPBIN=''
ECHO_C=''
ECHO_N='-n'
ECHO_T=''
EGREP='/bin/grep -E'
EXEEXT=''
FGREP='/bin/grep -F'
FORCE_USE_SYSCFG_FALSE=''
FORCE_USE_SYSCFG_TRUE='#'
GETTEXT_MACRO_VERSION='0.17'
GMSGFMT='/usr/bin/msgfmt'
GMSGFMT_015='/usr/bin/msgfmt'
GPG_ERROR_CONFIG_CFLAGS=''
GPG_ERROR_CONFIG_HOST='x86_64-unknown-linux-gnu'
GPG_ERROR_CONFIG_ISUBDIRAFTER=''
GPG_ERROR_CONFIG_LIBS='-lgpg-error'
GPG_ERROR_CONFIG_MT_CFLAGS=''
GPG_ERROR_CONFIG_MT_LIBS='-lpthread'
GREP='/bin/grep'
HAVE_LD_VERSION_SCRIPT_FALSE='#'
HAVE_LD_VERSION_SCRIPT_TRUE=''
HAVE_W32CE_SYSTEM_FALSE=''
HAVE_W32CE_SYSTEM_TRUE='#'
HAVE_W32_SYSTEM_FALSE=''
HAVE_W32_SYSTEM_TRUE='#'
HAVE_W64_SYSTEM_FALSE=''
HAVE_W64_SYSTEM_TRUE='#'
INSTALL_DATA='${INSTALL} -m 644'
INSTALL_PROGRAM='${INSTALL}'
INSTALL_SCRIPT='${INSTALL}'
INSTALL_STRIP_PROGRAM='$(install_sh) -c -s'
INTLLIBS=''
INTL_MACOSX_LIBS=''
LANGUAGES_SOME_FALSE='#'
LANGUAGES_SOME_TRUE=''
LD='/usr/bin/ld -m elf_x86_64'
LDFLAGS=''
LIBGPG_ERROR_LT_AGE='13'
LIBGPG_ERROR_LT_CURRENT='13'
LIBGPG_ERROR_LT_REVISION='0'
LIBICONV='-liconv'
LIBINTL=''
LIBMULTITHREAD='-lpthread'
LIBOBJS=''
LIBS=''
LIBTHREAD=''
LIBTOOL='$(SHELL) $(top_builddir)/libtool'
LIPO=''
LN_S='ln -s'
LTLIBICONV='-liconv'
LTLIBINTL=''
LTLIBMULTITHREAD='-lpthread'
LTLIBOBJS=''
LTLIBTHREAD=''
MAINT='#'
MAINTAINER_MODE_FALSE=''
MAINTAINER_MODE_TRUE='#'
MAKEINFO='${SHELL} /home/mary/libgpg-error-1.17/build-aux/missing --run makeinfo'
MANIFEST_TOOL=':'
MKDIR_P='/bin/mkdir -p'
MSGFMT='/usr/bin/msgfmt'
MSGFMT_015='/usr/bin/msgfmt'
MSGMERGE='/usr/bin/msgmerge'
NM='/usr/bin/nm -B'
NMEDIT=''
OBJDUMP='objdump'
OBJEXT='o'
OTOOL64=''
OTOOL=''
PACKAGE='libgpg-error'
PACKAGE_BUGREPORT='http://bugs.gnupg.org'
PACKAGE_NAME='libgpg-error'
PACKAGE_STRING='libgpg-error 1.17'
PACKAGE_TARNAME='libgpg-error'
PACKAGE_URL=''
PACKAGE_VERSION='1.17'
PATH_SEPARATOR=':'
POSUB='po'
RANLIB='ranlib'
RC=''
SED='/bin/sed'
SET_MAKE=''
SHELL='/bin/bash'
STRIP='strip'
USE_NLS='yes'
VERSION='1.17'
VERSION_NUMBER='0x011100'
XGETTEXT='/usr/bin/xgettext'
XGETTEXT_015='/usr/bin/xgettext'
XGETTEXT_EXTRA_OPTIONS=''
ac_ct_AR='ar'
ac_ct_CC='gcc'
ac_ct_DUMPBIN=''
am__EXEEXT_FALSE=''
am__EXEEXT_TRUE='#'
am__fastdepCC_FALSE='#'
am__fastdepCC_TRUE=''
am__include='include'
am__isrc=''
am__leading_dot='.'
am__nodep='_no'
am__quote=''
am__tar='$${TAR-tar} chof - "$$tardir"'
am__untar='$${TAR-tar} xf -'
bindir='${exec_prefix}/bin'
build='x86_64-unknown-linux-gnu'
build_alias=''
build_cpu='x86_64'
build_os='linux-gnu'
build_vendor='unknown'
datadir='${datarootdir}'
datarootdir='${prefix}/share'
docdir='${datarootdir}/doc/${PACKAGE_TARNAME}'
dvidir='${docdir}'
exec_prefix='${prefix}'
host='x86_64-unknown-linux-gnu'
host_alias=''
host_cpu='x86_64'
host_os='linux-gnu'
host_vendor='unknown'
htmldir='${docdir}'
includedir='${prefix}/include'
infodir='${datarootdir}/info'
install_sh='${SHELL} /home/mary/libgpg-error-1.17/build-aux/install-sh'
libdir='${exec_prefix}/lib'
libexecdir='${exec_prefix}/libexec'
localedir='${datarootdir}/locale'
localstatedir='${prefix}/var'
mandir='${datarootdir}/man'
mkdir_p='/bin/mkdir -p'
oldincludedir='/usr/include'
pdfdir='${docdir}'
prefix='/usr/local'
program_transform_name='s,x,x,'
psdir='${docdir}'
sbindir='${exec_prefix}/sbin'
sharedstatedir='${prefix}/com'
sysconfdir='${prefix}/etc'
target_alias=''

## ----------- ##
## confdefs.h. ##
## ----------- ##

/* confdefs.h */
#define PACKAGE_NAME "libgpg-error"
#define PACKAGE_TARNAME "libgpg-error"
#define PACKAGE_VERSION "1.17"
#define PACKAGE_STRING "libgpg-error 1.17"
#define PACKAGE_BUGREPORT "http://bugs.gnupg.org"
#define PACKAGE_URL ""
#define PACKAGE "libgpg-error"
#define VERSION "1.17"
#define STDC_HEADERS 1
#define HAVE_SYS_TYPES_H 1
#define HAVE_SYS_STAT_H 1
#define HAVE_STDLIB_H 1
#define HAVE_STRING_H 1
#define HAVE_MEMORY_H 1
#define HAVE_STRINGS_H 1
#define HAVE_INTTYPES_H 1
#define HAVE_STDINT_H 1
#define HAVE_UNISTD_H 1
#define __EXTENSIONS__ 1
#define _ALL_SOURCE 1
#define _GNU_SOURCE 1
#define _POSIX_PTHREAD_SEMANTICS 1
#define _TANDEM_SOURCE 1
#define HAVE_DLFCN_H 1
#define LT_OBJDIR ".libs/"
#define ENABLE_NLS 1
#define HAVE_GETTEXT 1
#define HAVE_DCGETTEXT 1
#define STDC_HEADERS 1
#define HAVE_STDLIB_H 1
#define HAVE_LOCALE_H 1
#define HAVE_STDINT_H 1
#define HAVE_DECL_STRERROR_R 1
#define HAVE_STRERROR_R 1
#define STRERROR_R_CHAR_P 1
#define HAVE_FLOCKFILE 1
#define HAVE_VASPRINTF 1
#define SIZEOF_INT 4
#define SIZEOF_LONG 8
#define SIZEOF_LONG_LONG 8
#define REPLACEMENT_FOR_OFF_T "long"
#define HAVE_GCC_ATTRIBUTE_ALIGNED 1
#define GPGRT_USE_VISIBILITY 1
#define USE_POSIX_THREADS 1
#define USE_POSIX_THREADS_WEAK 1
#define HAVE_PTHREAD_RWLOCK 1
#define HAVE_PTHREAD_MUTEX_RECURSIVE 1
#define SIZEOF_PTHREAD_MUTEX_T 40
#define HAVE_UNSIGNED_LONG_LONG_INT 1
#define HAVE_STDINT_H 1
#define HAVE_LONG_LONG_INT 1
#define HAVE_LONG_DOUBLE 1
#define HAVE_INTMAX_T 1
#define HAVE_UINTMAX_T 1
#define HAVE_PTRDIFF_T 1
#define SIZEOF_UNSIGNED_LONG 8
#define SIZEOF_VOID_P 8
#define HAVE_LANGINFO_THOUSANDS_SEP 1
#define HAVE_MEMRCHR 1
#define HOST_TRIPLET_STRING "x86_64-unknown-linux-gnu"
#define BUILD_REVISION "1d9e4c2"
#define BUILD_TIMESTAMP "2015-02-08T12:58+0000"

configure: exit 0
