This file contains any messages produced by compilers while
running configure, to aid debugging if configure makes a mistake.

It was created by dbus-glib configure 0.102, which was
generated by GNU Autoconf 2.69.  Invocation command line was

  $ ./configure --prefix=/usr

## --------- ##
## Platform. ##
## --------- ##

hostname = kali
uname -m = x86_64
uname -r = 3.14-kali1-amd64
uname -s = Linux
uname -v = #1 SMP Debian 3.14.5-1kali1 (2014-06-07)

/usr/bin/uname -p = unknown
/bin/uname -X     = unknown

/bin/arch              = unknown
/usr/bin/arch -k       = unknown
/usr/convex/getsysinfo = unknown
/usr/bin/hostinfo      = unknown
/bin/machine           = unknown
/usr/bin/oslevel       = unknown
/bin/universe          = unknown

PATH: /usr/local/bin
PATH: /usr/bin
PATH: /bin
PATH: /usr/local/games
PATH: /usr/games


## ----------- ##
## Core tests. ##
## ----------- ##

configure:2347: checking build system type
configure:2361: result: x86_64-unknown-linux-gnu
configure:2381: checking host system type
configure:2394: result: x86_64-unknown-linux-gnu
configure:2431: checking for a BSD-compatible install
configure:2499: result: /usr/bin/install -c
configure:2510: checking whether build environment is sane
configure:2565: result: yes
configure:2716: checking for a thread-safe mkdir -p
configure:2755: result: /bin/mkdir -p
configure:2762: checking for gawk
configure:2792: result: no
configure:2762: checking for mawk
configure:2778: found /usr/bin/mawk
configure:2789: result: mawk
configure:2800: checking whether make sets $(MAKE)
configure:2822: result: yes
configure:2851: checking whether make supports nested variables
configure:2868: result: yes
configure:3003: checking whether to enable maintainer-specific portions of Makefiles
configure:3012: result: no
configure:3037: checking whether make supports nested variables
configure:3054: result: yes
configure:3136: checking for gcc
configure:3152: found /usr/bin/gcc
configure:3163: result: gcc
configure:3392: checking for C compiler version
configure:3401: gcc --version >&5
gcc (Debian 4.7.2-5) 4.7.2
Copyright (C) 2012 Free Software Foundation, Inc.
This is free software; see the source for copying conditions.  There is NO
warranty; not even for MERCHANTABILITY or FITNESS FOR A PARTICULAR PURPOSE.

configure:3412: $? = 0
configure:3401: gcc -v >&5
Using built-in specs.
COLLECT_GCC=gcc
COLLECT_LTO_WRAPPER=/usr/lib/gcc/x86_64-linux-gnu/4.7/lto-wrapper
Target: x86_64-linux-gnu
Configured with: ../src/configure -v --with-pkgversion='Debian 4.7.2-5' --with-bugurl=file:///usr/share/doc/gcc-4.7/README.Bugs --enable-languages=c,c++,go,fortran,objc,obj-c++ --prefix=/usr --program-suffix=-4.7 --enable-shared --enable-linker-build-id --with-system-zlib --libexecdir=/usr/lib --without-included-gettext --enable-threads=posix --with-gxx-include-dir=/usr/include/c++/4.7 --libdir=/usr/lib --enable-nls --with-sysroot=/ --enable-clocale=gnu --enable-libstdcxx-debug --enable-libstdcxx-time=yes --enable-gnu-unique-object --enable-plugin --enable-objc-gc --with-arch-32=i586 --with-tune=generic --enable-checking=release --build=x86_64-linux-gnu --host=x86_64-linux-gnu --target=x86_64-linux-gnu
Thread model: posix
gcc version 4.7.2 (Debian 4.7.2-5) 
configure:3412: $? = 0
configure:3401: gcc -V >&5
gcc: error: unrecognized command line option '-V'
gcc: fatal error: no input files
compilation terminated.
configure:3412: $? = 4
configure:3401: gcc -qversion >&5
gcc: error: unrecognized command line option '-qversion'
gcc: fatal error: no input files
compilation terminated.
configure:3412: $? = 4
configure:3432: checking whether the C compiler works
configure:3454: gcc    conftest.c  >&5
configure:3458: $? = 0
configure:3506: result: yes
configure:3509: checking for C compiler default output file name
configure:3511: result: a.out
configure:3517: checking for suffix of executables
configure:3524: gcc -o conftest    conftest.c  >&5
configure:3528: $? = 0
configure:3550: result: 
configure:3572: checking whether we are cross compiling
configure:3580: gcc -o conftest    conftest.c  >&5
configure:3584: $? = 0
configure:3591: ./conftest
configure:3595: $? = 0
configure:3610: result: no
configure:3615: checking for suffix of object files
configure:3637: gcc -c   conftest.c >&5
configure:3641: $? = 0
configure:3662: result: o
configure:3666: checking whether we are using the GNU C compiler
configure:3685: gcc -c   conftest.c >&5
configure:3685: $? = 0
configure:3694: result: yes
configure:3703: checking whether gcc accepts -g
configure:3723: gcc -c -g  conftest.c >&5
configure:3723: $? = 0
configure:3764: result: yes
configure:3781: checking for gcc option to accept ISO C89
configure:3844: gcc  -c -g -O2  conftest.c >&5
configure:3844: $? = 0
configure:3857: result: none needed
configure:3882: checking whether gcc understands -c and -o together
configure:3904: gcc -c conftest.c -o conftest2.o
configure:3907: $? = 0
configure:3904: gcc -c conftest.c -o conftest2.o
configure:3907: $? = 0
configure:3919: result: yes
configure:3947: checking for style of include used by make
configure:3975: result: GNU
configure:4001: checking dependency style of gcc
configure:4112: result: gcc3
configure:4128: checking for library containing strerror
configure:4159: gcc -o conftest -g -O2   conftest.c  >&5
configure:4159: $? = 0
configure:4176: result: none required
configure:4189: checking how to run the C preprocessor
configure:4220: gcc -E  conftest.c
configure:4220: $? = 0
configure:4234: gcc -E  conftest.c
conftest.c:11:28: fatal error: ac_nonexistent.h: No such file or directory
compilation terminated.
configure:4234: $? = 1
configure: failed program was:
| /* confdefs.h */
| #define PACKAGE_NAME "dbus-glib"
| #define PACKAGE_TARNAME "dbus-glib"
| #define PACKAGE_VERSION "0.102"
| #define PACKAGE_STRING "dbus-glib 0.102"
| #define PACKAGE_BUGREPORT "https://bugs.freedesktop.org/enter_bug.cgi?product=dbus&component=GLib"
| #define PACKAGE_URL ""
| #define PACKAGE "dbus-glib"
| #define VERSION "0.102"
| /* end confdefs.h.  */
| #include <ac_nonexistent.h>
configure:4259: result: gcc -E
configure:4279: gcc -E  conftest.c
configure:4279: $? = 0
configure:4293: gcc -E  conftest.c
conftest.c:11:28: fatal error: ac_nonexistent.h: No such file or directory
compilation terminated.
configure:4293: $? = 1
configure: failed program was:
| /* confdefs.h */
| #define PACKAGE_NAME "dbus-glib"
| #define PACKAGE_TARNAME "dbus-glib"
| #define PACKAGE_VERSION "0.102"
| #define PACKAGE_STRING "dbus-glib 0.102"
| #define PACKAGE_BUGREPORT "https://bugs.freedesktop.org/enter_bug.cgi?product=dbus&component=GLib"
| #define PACKAGE_URL ""
| #define PACKAGE "dbus-glib"
| #define VERSION "0.102"
| /* end confdefs.h.  */
| #include <ac_nonexistent.h>
configure:4322: checking for grep that handles long lines and -e
configure:4380: result: /bin/grep
configure:4385: checking for egrep
configure:4447: result: /bin/grep -E
configure:4452: checking for ANSI C header files
configure:4472: gcc -c -g -O2  conftest.c >&5
configure:4472: $? = 0
configure:4545: gcc -o conftest -g -O2   conftest.c  >&5
configure:4545: $? = 0
configure:4545: ./conftest
configure:4545: $? = 0
configure:4556: result: yes
configure:4680: checking whether gcc understands -Wfloat-equal
configure:4690: gcc -c -g -O2 -Wfloat-equal  conftest.c >&5
configure:4690: $? = 0
configure:4703: result: yes
configure:4848: checking how to print strings
configure:4875: result: printf
configure:4896: checking for a sed that does not truncate output
configure:4960: result: /bin/sed
configure:4978: checking for fgrep
configure:5040: result: /bin/grep -F
configure:5075: checking for ld used by gcc
configure:5142: result: /usr/bin/ld
configure:5149: checking if the linker (/usr/bin/ld) is GNU ld
configure:5164: result: yes
configure:5176: checking for BSD- or MS-compatible name lister (nm)
configure:5225: result: /usr/bin/nm -B
configure:5355: checking the name lister (/usr/bin/nm -B) interface
configure:5362: gcc -c -g -O2 -Wall -Wchar-subscripts -Wmissing-declarations -Wmissing-prototypes -Wnested-externs -Wpointer-arith -Wcast-align -Wfloat-equal -Wsign-compare -fno-strict-aliasing  conftest.c >&5
configure:5365: /usr/bin/nm -B "conftest.o"
configure:5368: output
0000000000000000 B some_variable
configure:5375: result: BSD nm
configure:5378: checking whether ln -s works
configure:5382: result: yes
configure:5390: checking the maximum length of command line arguments
configure:5521: result: 1572864
configure:5538: checking whether the shell understands some XSI constructs
configure:5548: result: yes
configure:5552: checking whether the shell understands "+="
configure:5558: result: yes
configure:5593: checking how to convert x86_64-unknown-linux-gnu file names to x86_64-unknown-linux-gnu format
configure:5633: result: func_convert_file_noop
configure:5640: checking how to convert x86_64-unknown-linux-gnu file names to toolchain format
configure:5660: result: func_convert_file_noop
configure:5667: checking for /usr/bin/ld option to reload object files
configure:5674: result: -r
configure:5748: checking for objdump
configure:5764: found /usr/bin/objdump
configure:5775: result: objdump
configure:5807: checking how to recognize dependent libraries
configure:6005: result: pass_all
configure:6090: checking for dlltool
configure:6120: result: no
configure:6150: checking how to associate runtime and link libraries
configure:6177: result: printf %s\n
configure:6237: checking for ar
configure:6253: found /usr/bin/ar
configure:6264: result: ar
configure:6301: checking for archiver @FILE support
configure:6318: gcc -c -g -O2 -Wall -Wchar-subscripts -Wmissing-declarations -Wmissing-prototypes -Wnested-externs -Wpointer-arith -Wcast-align -Wfloat-equal -Wsign-compare -fno-strict-aliasing  conftest.c >&5
configure:6318: $? = 0
configure:6321: ar cru libconftest.a @conftest.lst >&5
configure:6324: $? = 0
configure:6329: ar cru libconftest.a @conftest.lst >&5
ar: conftest.o: No such file or directory
configure:6332: $? = 1
configure:6344: result: @
configure:6402: checking for strip
configure:6418: found /usr/bin/strip
configure:6429: result: strip
configure:6501: checking for ranlib
configure:6517: found /usr/bin/ranlib
configure:6528: result: ranlib
configure:6630: checking command to parse /usr/bin/nm -B output from gcc object
configure:6750: gcc -c -g -O2 -Wall -Wchar-subscripts -Wmissing-declarations -Wmissing-prototypes -Wnested-externs -Wpointer-arith -Wcast-align -Wfloat-equal -Wsign-compare -fno-strict-aliasing  conftest.c >&5
configure:6753: $? = 0
configure:6757: /usr/bin/nm -B conftest.o \| sed -n -e 's/^.*[ ]\([ABCDGIRSTW][ABCDGIRSTW]*\)[ ][ ]*\([_A-Za-z][_A-Za-z0-9]*\)$/\1 \2 \2/p' | sed '/ __gnu_lto/d' \> conftest.nm
configure:6760: $? = 0
configure:6826: gcc -o conftest -g -O2 -Wall -Wchar-subscripts -Wmissing-declarations -Wmissing-prototypes -Wnested-externs -Wpointer-arith -Wcast-align -Wfloat-equal -Wsign-compare -fno-strict-aliasing   conftest.c conftstm.o >&5
configure:6829: $? = 0
configure:6867: result: ok
configure:6904: checking for sysroot
configure:6934: result: no
configure:7011: gcc -c -g -O2 -Wall -Wchar-subscripts -Wmissing-declarations -Wmissing-prototypes -Wnested-externs -Wpointer-arith -Wcast-align -Wfloat-equal -Wsign-compare -fno-strict-aliasing  conftest.c >&5
configure:7014: $? = 0
configure:7203: checking for mt
configure:7219: found /bin/mt
configure:7230: result: mt
configure:7253: checking if mt is a manifest tool
configure:7259: mt '-?'
configure:7267: result: no
configure:7909: checking for sys/types.h
configure:7909: gcc -c -g -O2 -Wall -Wchar-subscripts -Wmissing-declarations -Wmissing-prototypes -Wnested-externs -Wpointer-arith -Wcast-align -Wfloat-equal -Wsign-compare -fno-strict-aliasing  conftest.c >&5
configure:7909: $? = 0
configure:7909: result: yes
configure:7909: checking for sys/stat.h
configure:7909: gcc -c -g -O2 -Wall -Wchar-subscripts -Wmissing-declarations -Wmissing-prototypes -Wnested-externs -Wpointer-arith -Wcast-align -Wfloat-equal -Wsign-compare -fno-strict-aliasing  conftest.c >&5
configure:7909: $? = 0
configure:7909: result: yes
configure:7909: checking for stdlib.h
configure:7909: gcc -c -g -O2 -Wall -Wchar-subscripts -Wmissing-declarations -Wmissing-prototypes -Wnested-externs -Wpointer-arith -Wcast-align -Wfloat-equal -Wsign-compare -fno-strict-aliasing  conftest.c >&5
configure:7909: $? = 0
configure:7909: result: yes
configure:7909: checking for string.h
configure:7909: gcc -c -g -O2 -Wall -Wchar-subscripts -Wmissing-declarations -Wmissing-prototypes -Wnested-externs -Wpointer-arith -Wcast-align -Wfloat-equal -Wsign-compare -fno-strict-aliasing  conftest.c >&5
configure:7909: $? = 0
configure:7909: result: yes
configure:7909: checking for memory.h
configure:7909: gcc -c -g -O2 -Wall -Wchar-subscripts -Wmissing-declarations -Wmissing-prototypes -Wnested-externs -Wpointer-arith -Wcast-align -Wfloat-equal -Wsign-compare -fno-strict-aliasing  conftest.c >&5
configure:7909: $? = 0
configure:7909: result: yes
configure:7909: checking for strings.h
configure:7909: gcc -c -g -O2 -Wall -Wchar-subscripts -Wmissing-declarations -Wmissing-prototypes -Wnested-externs -Wpointer-arith -Wcast-align -Wfloat-equal -Wsign-compare -fno-strict-aliasing  conftest.c >&5
configure:7909: $? = 0
configure:7909: result: yes
configure:7909: checking for inttypes.h
configure:7909: gcc -c -g -O2 -Wall -Wchar-subscripts -Wmissing-declarations -Wmissing-prototypes -Wnested-externs -Wpointer-arith -Wcast-align -Wfloat-equal -Wsign-compare -fno-strict-aliasing  conftest.c >&5
configure:7909: $? = 0
configure:7909: result: yes
configure:7909: checking for stdint.h
configure:7909: gcc -c -g -O2 -Wall -Wchar-subscripts -Wmissing-declarations -Wmissing-prototypes -Wnested-externs -Wpointer-arith -Wcast-align -Wfloat-equal -Wsign-compare -fno-strict-aliasing  conftest.c >&5
configure:7909: $? = 0
configure:7909: result: yes
configure:7909: checking for unistd.h
configure:7909: gcc -c -g -O2 -Wall -Wchar-subscripts -Wmissing-declarations -Wmissing-prototypes -Wnested-externs -Wpointer-arith -Wcast-align -Wfloat-equal -Wsign-compare -fno-strict-aliasing  conftest.c >&5
configure:7909: $? = 0
configure:7909: result: yes
configure:7923: checking for dlfcn.h
configure:7923: gcc -c -g -O2 -Wall -Wchar-subscripts -Wmissing-declarations -Wmissing-prototypes -Wnested-externs -Wpointer-arith -Wcast-align -Wfloat-equal -Wsign-compare -fno-strict-aliasing  conftest.c >&5
configure:7923: $? = 0
configure:7923: result: yes
configure:8129: checking for objdir
configure:8144: result: .libs
configure:8415: checking if gcc supports -fno-rtti -fno-exceptions
configure:8433: gcc -c -g -O2 -Wall -Wchar-subscripts -Wmissing-declarations -Wmissing-prototypes -Wnested-externs -Wpointer-arith -Wcast-align -Wfloat-equal -Wsign-compare -fno-strict-aliasing  -fno-rtti -fno-exceptions conftest.c >&5
cc1: warning: command line option '-fno-rtti' is valid for C++/ObjC++ but not for C [enabled by default]
configure:8437: $? = 0
configure:8450: result: no
configure:8777: checking for gcc option to produce PIC
configure:8784: result: -fPIC -DPIC
configure:8792: checking if gcc PIC flag -fPIC -DPIC works
configure:8810: gcc -c -g -O2 -Wall -Wchar-subscripts -Wmissing-declarations -Wmissing-prototypes -Wnested-externs -Wpointer-arith -Wcast-align -Wfloat-equal -Wsign-compare -fno-strict-aliasing  -fPIC -DPIC -DPIC conftest.c >&5
configure:8814: $? = 0
configure:8827: result: yes
configure:8856: checking if gcc static flag -static works
configure:8884: result: yes
configure:8899: checking if gcc supports -c -o file.o
configure:8920: gcc -c -g -O2 -Wall -Wchar-subscripts -Wmissing-declarations -Wmissing-prototypes -Wnested-externs -Wpointer-arith -Wcast-align -Wfloat-equal -Wsign-compare -fno-strict-aliasing  -o out/conftest2.o conftest.c >&5
configure:8924: $? = 0
configure:8946: result: yes
configure:8954: checking if gcc supports -c -o file.o
configure:9001: result: yes
configure:9034: checking whether the gcc linker (/usr/bin/ld -m elf_x86_64) supports shared libraries
configure:10191: result: yes
configure:10228: checking whether -lc should be explicitly linked in
configure:10236: gcc -c -g -O2 -Wall -Wchar-subscripts -Wmissing-declarations -Wmissing-prototypes -Wnested-externs -Wpointer-arith -Wcast-align -Wfloat-equal -Wsign-compare -fno-strict-aliasing  conftest.c >&5
configure:10239: $? = 0
configure:10254: gcc -shared  -fPIC -DPIC conftest.o  -v -Wl,-soname -Wl,conftest -o conftest 2\>\&1 \| /bin/grep  -lc  \>/dev/null 2\>\&1
configure:10257: $? = 0
configure:10271: result: no
configure:10431: checking dynamic linker characteristics
configure:10931: gcc -o conftest -g -O2 -Wall -Wchar-subscripts -Wmissing-declarations -Wmissing-prototypes -Wnested-externs -Wpointer-arith -Wcast-align -Wfloat-equal -Wsign-compare -fno-strict-aliasing   -Wl,-rpath -Wl,/foo conftest.c  >&5
configure:10931: $? = 0
configure:11165: result: GNU/Linux ld.so
configure:11272: checking how to hardcode library paths into programs
configure:11297: result: immediate
configure:11837: checking whether stripping libraries is possible
configure:11842: result: yes
configure:11877: checking if libtool supports shared libraries
configure:11879: result: yes
configure:11882: checking whether to build shared libraries
configure:11903: result: yes
configure:11906: checking whether to build static libraries
configure:11910: result: yes
configure:11962: checking for library containing socket
configure:11993: gcc -o conftest -g -O2 -Wall -Wchar-subscripts -Wmissing-declarations -Wmissing-prototypes -Wnested-externs -Wpointer-arith -Wcast-align -Wfloat-equal -Wsign-compare -fno-strict-aliasing   conftest.c  >&5
configure:11993: $? = 0
configure:12010: result: none required
configure:12019: checking whether socklen_t is defined
configure:12039: gcc -c -g -O2 -Wall -Wchar-subscripts -Wmissing-declarations -Wmissing-prototypes -Wnested-externs -Wpointer-arith -Wcast-align -Wfloat-equal -Wsign-compare -fno-strict-aliasing  conftest.c >&5
conftest.c: In function 'main':
conftest.c:34:11: warning: variable 'foo' set but not used [-Wunused-but-set-variable]
configure:12039: $? = 0
configure:12045: result: yes
configure:12057: checking for XML_ParserCreate_MM in -lexpat
configure:12082: gcc -o conftest -g -O2 -Wall -Wchar-subscripts -Wmissing-declarations -Wmissing-prototypes -Wnested-externs -Wpointer-arith -Wcast-align -Wfloat-equal -Wsign-compare -fno-strict-aliasing   conftest.c -lexpat   >&5
configure:12082: $? = 0
configure:12091: result: yes
configure:12096: checking expat.h usability
configure:12096: gcc -c -g -O2 -Wall -Wchar-subscripts -Wmissing-declarations -Wmissing-prototypes -Wnested-externs -Wpointer-arith -Wcast-align -Wfloat-equal -Wsign-compare -fno-strict-aliasing  conftest.c >&5
configure:12096: $? = 0
configure:12096: result: yes
configure:12096: checking expat.h presence
configure:12096: gcc -E  conftest.c
configure:12096: $? = 0
configure:12096: result: yes
configure:12096: checking for expat.h
configure:12096: result: yes
configure:12177: checking for pkg-config
configure:12195: found /usr/bin/pkg-config
configure:12207: result: /usr/bin/pkg-config
configure:12232: checking pkg-config is at least version 0.9.0
configure:12235: result: yes
configure:12245: checking for DBUS
configure:12252: $PKG_CONFIG --exists --print-errors "dbus-1 >= 1.2.16"
configure:12255: $? = 0
configure:12269: $PKG_CONFIG --exists --print-errors "dbus-1 >= 1.2.16"
configure:12272: $? = 0
configure:12330: result: yes
configure:12340: checking for DBUS_GLIB
configure:12347: $PKG_CONFIG --exists --print-errors "gobject-2.0 >= 2.26, gio-2.0 >= 2.26"
configure:12350: $? = 0
configure:12364: $PKG_CONFIG --exists --print-errors "gobject-2.0 >= 2.26, gio-2.0 >= 2.26"
configure:12367: $? = 0
configure:12425: result: yes
configure:12431: checking for DBUS_GLIB_THREADS
configure:12438: $PKG_CONFIG --exists --print-errors "gthread-2.0 >= 2.6"
configure:12441: $? = 0
configure:12455: $PKG_CONFIG --exists --print-errors "gthread-2.0 >= 2.6"
configure:12458: $? = 0
configure:12496: result: yes
configure:12528: checking for gtkdoc-check
configure:12561: result: no
configure:12570: checking for gtkdoc-rebase
configure:12603: result: no
configure:12614: checking for gtkdoc-mkpdf
configure:12647: result: no
configure:12758: checking whether to build gtk-doc documentation
configure:12760: result: no
configure:12940: checking that generated files are newer than configure
configure:12946: result: done
configure:13005: creating ./config.status

## ---------------------- ##
## Running config.status. ##
## ---------------------- ##

This file was extended by dbus-glib config.status 0.102, which was
generated by GNU Autoconf 2.69.  Invocation command line was

  CONFIG_FILES    = 
  CONFIG_HEADERS  = 
  CONFIG_LINKS    = 
  CONFIG_COMMANDS = 
  $ ./config.status 

on kali

config.status:1144: creating Makefile
config.status:1144: creating m4/Makefile
config.status:1144: creating doc/Makefile
config.status:1144: creating doc/reference/Makefile
config.status:1144: creating doc/reference/version.xml
config.status:1144: creating dbus/Makefile
config.status:1144: creating dbus/examples/Makefile
config.status:1144: creating dbus/examples/statemachine/Makefile
config.status:1144: creating test/Makefile
config.status:1144: creating test/core/Makefile
config.status:1144: creating test/interfaces/Makefile
config.status:1144: creating test/data/valid-service-files/debug-glib.service
config.status:1144: creating test/data/valid-service-files/debug-echo.service
config.status:1144: creating test/data/valid-service-files/interfaces-test.service
config.status:1144: creating test/lib/Makefile
config.status:1144: creating test/manual/Makefile
config.status:1144: creating tools/Makefile
config.status:1144: creating dbus-glib-1.pc
config.status:1144: creating dbus-glib-1-uninstalled.pc
config.status:1144: creating config.h
config.status:1373: executing depfiles commands
config.status:1373: executing libtool commands

## ---------------- ##
## Cache variables. ##
## ---------------- ##

ac_cv_build=x86_64-unknown-linux-gnu
ac_cv_c_compiler_gnu=yes
ac_cv_env_CC_set=
ac_cv_env_CC_value=
ac_cv_env_CFLAGS_set=
ac_cv_env_CFLAGS_value=
ac_cv_env_CPPFLAGS_set=
ac_cv_env_CPPFLAGS_value=
ac_cv_env_CPP_set=
ac_cv_env_CPP_value=
ac_cv_env_DBUS_CFLAGS_set=
ac_cv_env_DBUS_CFLAGS_value=
ac_cv_env_DBUS_GLIB_CFLAGS_set=
ac_cv_env_DBUS_GLIB_CFLAGS_value=
ac_cv_env_DBUS_GLIB_LIBS_set=
ac_cv_env_DBUS_GLIB_LIBS_value=
ac_cv_env_DBUS_GLIB_THREADS_CFLAGS_set=
ac_cv_env_DBUS_GLIB_THREADS_CFLAGS_value=
ac_cv_env_DBUS_GLIB_THREADS_LIBS_set=
ac_cv_env_DBUS_GLIB_THREADS_LIBS_value=
ac_cv_env_DBUS_LIBS_set=
ac_cv_env_DBUS_LIBS_value=
ac_cv_env_GTKDOC_DEPS_CFLAGS_set=
ac_cv_env_GTKDOC_DEPS_CFLAGS_value=
ac_cv_env_GTKDOC_DEPS_LIBS_set=
ac_cv_env_GTKDOC_DEPS_LIBS_value=
ac_cv_env_LDFLAGS_set=
ac_cv_env_LDFLAGS_value=
ac_cv_env_LIBS_set=
ac_cv_env_LIBS_value=
ac_cv_env_PKG_CONFIG_LIBDIR_set=
ac_cv_env_PKG_CONFIG_LIBDIR_value=
ac_cv_env_PKG_CONFIG_PATH_set=
ac_cv_env_PKG_CONFIG_PATH_value=
ac_cv_env_PKG_CONFIG_set=
ac_cv_env_PKG_CONFIG_value=
ac_cv_env_build_alias_set=
ac_cv_env_build_alias_value=
ac_cv_env_host_alias_set=
ac_cv_env_host_alias_value=
ac_cv_env_target_alias_set=
ac_cv_env_target_alias_value=
ac_cv_header_dlfcn_h=yes
ac_cv_header_expat_h=yes
ac_cv_header_inttypes_h=yes
ac_cv_header_memory_h=yes
ac_cv_header_stdc=yes
ac_cv_header_stdint_h=yes
ac_cv_header_stdlib_h=yes
ac_cv_header_string_h=yes
ac_cv_header_strings_h=yes
ac_cv_header_sys_stat_h=yes
ac_cv_header_sys_types_h=yes
ac_cv_header_unistd_h=yes
ac_cv_host=x86_64-unknown-linux-gnu
ac_cv_lib_expat_XML_ParserCreate_MM=yes
ac_cv_objext=o
ac_cv_path_EGREP='/bin/grep -E'
ac_cv_path_FGREP='/bin/grep -F'
ac_cv_path_GREP=/bin/grep
ac_cv_path_SED=/bin/sed
ac_cv_path_ac_pt_PKG_CONFIG=/usr/bin/pkg-config
ac_cv_path_install='/usr/bin/install -c'
ac_cv_path_mkdir=/bin/mkdir
ac_cv_prog_AWK=mawk
ac_cv_prog_CPP='gcc -E'
ac_cv_prog_ac_ct_AR=ar
ac_cv_prog_ac_ct_CC=gcc
ac_cv_prog_ac_ct_MANIFEST_TOOL=mt
ac_cv_prog_ac_ct_OBJDUMP=objdump
ac_cv_prog_ac_ct_RANLIB=ranlib
ac_cv_prog_ac_ct_STRIP=strip
ac_cv_prog_cc_c89=
ac_cv_prog_cc_g=yes
ac_cv_prog_make_make_set=yes
ac_cv_search_socket='none required'
ac_cv_search_strerror='none required'
am_cv_CC_dependencies_compiler_type=gcc3
am_cv_make_support_nested_variables=yes
am_cv_prog_cc_c_o=yes
lt_cv_ar_at_file=@
lt_cv_archive_cmds_need_lc=no
lt_cv_deplibs_check_method=pass_all
lt_cv_file_magic_cmd='$MAGIC_CMD'
lt_cv_file_magic_test_file=
lt_cv_ld_reload_flag=-r
lt_cv_nm_interface='BSD nm'
lt_cv_objdir=.libs
lt_cv_path_LD=/usr/bin/ld
lt_cv_path_NM='/usr/bin/nm -B'
lt_cv_path_mainfest_tool=no
lt_cv_prog_compiler_c_o=yes
lt_cv_prog_compiler_pic='-fPIC -DPIC'
lt_cv_prog_compiler_pic_works=yes
lt_cv_prog_compiler_rtti_exceptions=no
lt_cv_prog_compiler_static_works=yes
lt_cv_prog_gnu_ld=yes
lt_cv_sharedlib_from_linklib_cmd='printf %s\n'
lt_cv_shlibpath_overrides_runpath=no
lt_cv_sys_global_symbol_pipe='sed -n -e '\''s/^.*[	 ]\([ABCDGIRSTW][ABCDGIRSTW]*\)[	 ][	 ]*\([_A-Za-z][_A-Za-z0-9]*\)$/\1 \2 \2/p'\'' | sed '\''/ __gnu_lto/d'\'''
lt_cv_sys_global_symbol_to_c_name_address='sed -n -e '\''s/^: \([^ ]*\)[ ]*$/  {\"\1\", (void *) 0},/p'\'' -e '\''s/^[ABCDGIRSTW]* \([^ ]*\) \([^ ]*\)$/  {"\2", (void *) \&\2},/p'\'''
lt_cv_sys_global_symbol_to_c_name_address_lib_prefix='sed -n -e '\''s/^: \([^ ]*\)[ ]*$/  {\"\1\", (void *) 0},/p'\'' -e '\''s/^[ABCDGIRSTW]* \([^ ]*\) \(lib[^ ]*\)$/  {"\2", (void *) \&\2},/p'\'' -e '\''s/^[ABCDGIRSTW]* \([^ ]*\) \([^ ]*\)$/  {"lib\2", (void *) \&\2},/p'\'''
lt_cv_sys_global_symbol_to_cdecl='sed -n -e '\''s/^T .* \(.*\)$/extern int \1();/p'\'' -e '\''s/^[ABCDGIRSTW]* .* \(.*\)$/extern char \1;/p'\'''
lt_cv_sys_max_cmd_len=1572864
lt_cv_to_host_file_cmd=func_convert_file_noop
lt_cv_to_tool_file_cmd=func_convert_file_noop
pkg_cv_DBUS_CFLAGS='-I/usr/include/dbus-1.0 -I/usr/lib/dbus-1.0/include  '
pkg_cv_DBUS_GLIB_CFLAGS='-pthread -I/usr/include/glib-2.0 -I/usr/lib/x86_64-linux-gnu/glib-2.0/include  '
pkg_cv_DBUS_GLIB_LIBS='-lgio-2.0 -lgobject-2.0 -lglib-2.0  '
pkg_cv_DBUS_GLIB_THREADS_CFLAGS='-pthread -I/usr/include/glib-2.0 -I/usr/lib/x86_64-linux-gnu/glib-2.0/include  '
pkg_cv_DBUS_GLIB_THREADS_LIBS='-pthread -lgthread-2.0 -lrt -lglib-2.0  '
pkg_cv_DBUS_LIBS='-ldbus-1  '

## ----------------- ##
## Output variables. ##
## ----------------- ##

ACLOCAL='${SHELL} /home/mary/dbus-glib-0.102/missing aclocal-1.14 '
AMDEPBACKSLASH='\'
AMDEP_FALSE='#'
AMDEP_TRUE=''
AMTAR='$${TAR-tar}'
AM_BACKSLASH='\'
AM_DEFAULT_V='$(AM_DEFAULT_VERBOSITY)'
AM_DEFAULT_VERBOSITY='0'
AM_V='$(V)'
AR='ar'
AUTOCONF='${SHELL} /home/mary/dbus-glib-0.102/missing autoconf'
AUTOHEADER='${SHELL} /home/mary/dbus-glib-0.102/missing autoheader'
AUTOMAKE='${SHELL} /home/mary/dbus-glib-0.102/missing automake-1.14'
AWK='mawk'
CC='gcc'
CCDEPMODE='depmode=gcc3'
CFLAGS='-g -O2 -Wall -Wchar-subscripts -Wmissing-declarations -Wmissing-prototypes -Wnested-externs -Wpointer-arith -Wcast-align -Wfloat-equal -Wsign-compare -fno-strict-aliasing'
CPP='gcc -E'
CPPFLAGS=''
CYGPATH_W='echo'
DBUS_BASH_COMPLETION_FALSE='#'
DBUS_BASH_COMPLETION_TRUE=''
DBUS_BINDING_TOOL='$(top_builddir)/dbus/dbus-binding-tool'
DBUS_BUILD_TESTS_FALSE=''
DBUS_BUILD_TESTS_TRUE='#'
DBUS_CFLAGS='-I/usr/include/dbus-1.0 -I/usr/lib/dbus-1.0/include  '
DBUS_GLIB_CFLAGS='-pthread -I/usr/include/glib-2.0 -I/usr/lib/x86_64-linux-gnu/glib-2.0/include  '
DBUS_GLIB_LIBS='-lgio-2.0 -lgobject-2.0 -lglib-2.0  '
DBUS_GLIB_THREADS_CFLAGS='-pthread -I/usr/include/glib-2.0 -I/usr/lib/x86_64-linux-gnu/glib-2.0/include  '
DBUS_GLIB_THREADS_LIBS='-pthread -lgthread-2.0 -lrt -lglib-2.0  '
DBUS_GLIB_TOOL_CFLAGS=''
DBUS_GLIB_TOOL_LIBS='-lexpat'
DBUS_LIBS='-ldbus-1  '
DEFS='-DHAVE_CONFIG_H'
DEPDIR='.deps'
DLLTOOL='false'
DSYMUTIL=''
DUMPBIN=''
ECHO_C=''
ECHO_N='-n'
ECHO_T=''
EGREP='/bin/grep -E'
ENABLE_GTK_DOC_FALSE=''
ENABLE_GTK_DOC_TRUE='#'
EXEEXT=''
FGREP='/bin/grep -F'
GLIB_GENMARSHAL='glib-genmarshal'
GREP='/bin/grep'
GTKDOC_CHECK=''
GTKDOC_DEPS_CFLAGS=''
GTKDOC_DEPS_LIBS=''
GTKDOC_MKPDF=''
GTKDOC_REBASE='true'
GTK_DOC_BUILD_HTML_FALSE='#'
GTK_DOC_BUILD_HTML_TRUE=''
GTK_DOC_BUILD_PDF_FALSE=''
GTK_DOC_BUILD_PDF_TRUE='#'
GTK_DOC_USE_LIBTOOL_FALSE='#'
GTK_DOC_USE_LIBTOOL_TRUE=''
GTK_DOC_USE_REBASE_FALSE='#'
GTK_DOC_USE_REBASE_TRUE=''
HAVE_GLIB_THREADS_FALSE='#'
HAVE_GLIB_THREADS_TRUE=''
HTML_DIR='${datadir}/gtk-doc/html'
INSTALL_DATA='${INSTALL} -m 644'
INSTALL_PROGRAM='${INSTALL}'
INSTALL_SCRIPT='${INSTALL}'
INSTALL_STRIP_PROGRAM='$(install_sh) -c -s'
LD='/usr/bin/ld -m elf_x86_64'
LDFLAGS=''
LIBOBJS=''
LIBS=''
LIBTOOL='$(SHELL) $(top_builddir)/libtool'
LIPO=''
LN_S='ln -s'
LTLIBOBJS=''
LT_AGE='2'
LT_CURRENT='4'
LT_REVISION='2'
MAINT='#'
MAINTAINER_MODE_FALSE=''
MAINTAINER_MODE_TRUE='#'
MAKEINFO='${SHELL} /home/mary/dbus-glib-0.102/missing makeinfo'
MANIFEST_TOOL=':'
MKDIR_P='/bin/mkdir -p'
NM='/usr/bin/nm -B'
NMEDIT=''
OBJDUMP='objdump'
OBJEXT='o'
OTOOL64=''
OTOOL=''
PACKAGE='dbus-glib'
PACKAGE_BUGREPORT='https://bugs.freedesktop.org/enter_bug.cgi?product=dbus&component=GLib'
PACKAGE_NAME='dbus-glib'
PACKAGE_STRING='dbus-glib 0.102'
PACKAGE_TARNAME='dbus-glib'
PACKAGE_URL=''
PACKAGE_VERSION='0.102'
PATH_SEPARATOR=':'
PKG_CONFIG='/usr/bin/pkg-config'
PKG_CONFIG_LIBDIR=''
PKG_CONFIG_PATH=''
RANLIB='ranlib'
SED='/bin/sed'
SET_MAKE=''
SHELL='/bin/bash'
STRIP='strip'
VERSION='0.102'
ac_ct_AR='ar'
ac_ct_CC='gcc'
ac_ct_DUMPBIN=''
am__EXEEXT_FALSE=''
am__EXEEXT_TRUE='#'
am__fastdepCC_FALSE='#'
am__fastdepCC_TRUE=''
am__include='include'
am__isrc=''
am__leading_dot='.'
am__nodep='_no'
am__quote=''
am__tar='$${TAR-tar} chof - "$$tardir"'
am__untar='$${TAR-tar} xf -'
bindir='${exec_prefix}/bin'
build='x86_64-unknown-linux-gnu'
build_alias=''
build_cpu='x86_64'
build_os='linux-gnu'
build_vendor='unknown'
datadir='${datarootdir}'
datarootdir='${prefix}/share'
docdir='${datarootdir}/doc/${PACKAGE_TARNAME}'
dvidir='${docdir}'
exec_prefix='${prefix}'
host='x86_64-unknown-linux-gnu'
host_alias=''
host_cpu='x86_64'
host_os='linux-gnu'
host_vendor='unknown'
htmldir='${docdir}'
includedir='${prefix}/include'
infodir='${datarootdir}/info'
install_sh='${SHELL} /home/mary/dbus-glib-0.102/install-sh'
libdir='${exec_prefix}/lib'
libexecdir='${exec_prefix}/libexec'
localedir='${datarootdir}/locale'
localstatedir='${prefix}/var'
mandir='${datarootdir}/man'
mkdir_p='$(MKDIR_P)'
oldincludedir='/usr/include'
pdfdir='${docdir}'
prefix='/usr'
program_transform_name='s,x,x,'
psdir='${docdir}'
sbindir='${exec_prefix}/sbin'
sharedstatedir='${prefix}/com'
sysconfdir='${prefix}/etc'
target_alias=''

## ----------- ##
## confdefs.h. ##
## ----------- ##

/* confdefs.h */
#define PACKAGE_NAME "dbus-glib"
#define PACKAGE_TARNAME "dbus-glib"
#define PACKAGE_VERSION "0.102"
#define PACKAGE_STRING "dbus-glib 0.102"
#define PACKAGE_BUGREPORT "https://bugs.freedesktop.org/enter_bug.cgi?product=dbus&component=GLib"
#define PACKAGE_URL ""
#define PACKAGE "dbus-glib"
#define VERSION "0.102"
#define STDC_HEADERS 1
#define DBUS_BASH_COMPLETION 1
#define G_DISABLE_ASSERT 1
#define HAVE_SYS_TYPES_H 1
#define HAVE_SYS_STAT_H 1
#define HAVE_STDLIB_H 1
#define HAVE_STRING_H 1
#define HAVE_MEMORY_H 1
#define HAVE_STRINGS_H 1
#define HAVE_INTTYPES_H 1
#define HAVE_STDINT_H 1
#define HAVE_UNISTD_H 1
#define HAVE_DLFCN_H 1
#define LT_OBJDIR ".libs/"
#define HAVE_SOCKLEN_T 1
#define HAVE_EXPAT_H 1

configure: exit 0
